{"/Users/theresa/PycharmProjects/sentiment_analyzer/frontend/src/analyze.jsx": {"path":"/Users/theresa/PycharmProjects/sentiment_analyzer/frontend/src/analyze.jsx","all":true,"statementMap":{"0":{"start":{"line":1,"column":0},"end":{"line":1,"column":51}},"7":{"start":{"line":8,"column":0},"end":{"line":8,"column":26}},"8":{"start":{"line":9,"column":0},"end":{"line":9,"column":7}},"9":{"start":{"line":10,"column":0},"end":{"line":10,"column":52}},"10":{"start":{"line":11,"column":0},"end":{"line":11,"column":74}},"11":{"start":{"line":12,"column":0},"end":{"line":12,"column":11}},"12":{"start":{"line":13,"column":0},"end":{"line":13,"column":11}},"13":{"start":{"line":14,"column":0},"end":{"line":14,"column":23}},"14":{"start":{"line":15,"column":0},"end":{"line":15,"column":3}},"15":{"start":{"line":16,"column":0},"end":{"line":16,"column":1}},"17":{"start":{"line":18,"column":0},"end":{"line":18,"column":41}},"18":{"start":{"line":19,"column":0},"end":{"line":19,"column":7}},"21":{"start":{"line":22,"column":0},"end":{"line":22,"column":53}},"22":{"start":{"line":23,"column":0},"end":{"line":23,"column":90}},"23":{"start":{"line":24,"column":0},"end":{"line":24,"column":46}},"24":{"start":{"line":25,"column":0},"end":{"line":25,"column":32}},"25":{"start":{"line":26,"column":0},"end":{"line":26,"column":33}},"26":{"start":{"line":27,"column":0},"end":{"line":27,"column":91}},"27":{"start":{"line":28,"column":0},"end":{"line":28,"column":21}},"32":{"start":{"line":33,"column":0},"end":{"line":33,"column":85}},"33":{"start":{"line":34,"column":0},"end":{"line":34,"column":132}},"36":{"start":{"line":37,"column":0},"end":{"line":37,"column":54}},"37":{"start":{"line":38,"column":0},"end":{"line":38,"column":15}},"39":{"start":{"line":40,"column":0},"end":{"line":40,"column":57}},"40":{"start":{"line":41,"column":0},"end":{"line":41,"column":3}},"41":{"start":{"line":42,"column":0},"end":{"line":42,"column":1}},"44":{"start":{"line":45,"column":0},"end":{"line":45,"column":36}},"46":{"start":{"line":47,"column":0},"end":{"line":47,"column":41}},"47":{"start":{"line":48,"column":0},"end":{"line":48,"column":43}},"48":{"start":{"line":49,"column":0},"end":{"line":49,"column":45}},"49":{"start":{"line":50,"column":0},"end":{"line":50,"column":111}},"50":{"start":{"line":51,"column":0},"end":{"line":51,"column":7}},"51":{"start":{"line":52,"column":0},"end":{"line":52,"column":58}},"52":{"start":{"line":53,"column":0},"end":{"line":53,"column":97}},"53":{"start":{"line":54,"column":0},"end":{"line":54,"column":7}},"54":{"start":{"line":55,"column":0},"end":{"line":55,"column":3}},"55":{"start":{"line":56,"column":0},"end":{"line":56,"column":1}},"57":{"start":{"line":58,"column":0},"end":{"line":58,"column":23}},"58":{"start":{"line":59,"column":0},"end":{"line":59,"column":19}},"60":{"start":{"line":61,"column":0},"end":{"line":61,"column":40}},"61":{"start":{"line":62,"column":0},"end":{"line":62,"column":25}},"62":{"start":{"line":63,"column":0},"end":{"line":63,"column":55}},"63":{"start":{"line":64,"column":0},"end":{"line":64,"column":69}},"64":{"start":{"line":65,"column":0},"end":{"line":65,"column":12}},"66":{"start":{"line":67,"column":0},"end":{"line":67,"column":38}},"67":{"start":{"line":68,"column":0},"end":{"line":68,"column":61}},"68":{"start":{"line":69,"column":0},"end":{"line":69,"column":51}},"69":{"start":{"line":70,"column":0},"end":{"line":70,"column":7}},"70":{"start":{"line":71,"column":0},"end":{"line":71,"column":5}},"71":{"start":{"line":72,"column":0},"end":{"line":72,"column":3}},"73":{"start":{"line":74,"column":0},"end":{"line":74,"column":7}},"74":{"start":{"line":75,"column":0},"end":{"line":75,"column":80}},"75":{"start":{"line":76,"column":0},"end":{"line":76,"column":86}},"78":{"start":{"line":79,"column":0},"end":{"line":79,"column":63}},"79":{"start":{"line":80,"column":0},"end":{"line":80,"column":88}},"80":{"start":{"line":81,"column":0},"end":{"line":81,"column":81}},"81":{"start":{"line":82,"column":0},"end":{"line":82,"column":100}},"82":{"start":{"line":83,"column":0},"end":{"line":83,"column":89}},"83":{"start":{"line":84,"column":0},"end":{"line":84,"column":89}},"84":{"start":{"line":85,"column":0},"end":{"line":85,"column":69}},"85":{"start":{"line":86,"column":0},"end":{"line":86,"column":73}},"86":{"start":{"line":87,"column":0},"end":{"line":87,"column":77}},"87":{"start":{"line":88,"column":0},"end":{"line":88,"column":75}},"88":{"start":{"line":89,"column":0},"end":{"line":89,"column":65}},"90":{"start":{"line":91,"column":0},"end":{"line":91,"column":21}},"91":{"start":{"line":92,"column":0},"end":{"line":92,"column":118}},"92":{"start":{"line":93,"column":0},"end":{"line":93,"column":27}},"93":{"start":{"line":94,"column":0},"end":{"line":94,"column":140}},"94":{"start":{"line":95,"column":0},"end":{"line":95,"column":21}},"95":{"start":{"line":96,"column":0},"end":{"line":96,"column":122}},"98":{"start":{"line":99,"column":0},"end":{"line":99,"column":26}},"99":{"start":{"line":100,"column":0},"end":{"line":100,"column":35}},"100":{"start":{"line":101,"column":0},"end":{"line":101,"column":20}},"101":{"start":{"line":102,"column":0},"end":{"line":102,"column":40}},"102":{"start":{"line":103,"column":0},"end":{"line":103,"column":66}},"103":{"start":{"line":104,"column":0},"end":{"line":104,"column":31}},"106":{"start":{"line":107,"column":0},"end":{"line":107,"column":39}},"107":{"start":{"line":108,"column":0},"end":{"line":108,"column":32}},"108":{"start":{"line":109,"column":0},"end":{"line":109,"column":36}},"109":{"start":{"line":110,"column":0},"end":{"line":110,"column":29}},"110":{"start":{"line":111,"column":0},"end":{"line":111,"column":30}},"111":{"start":{"line":112,"column":0},"end":{"line":112,"column":27}},"112":{"start":{"line":113,"column":0},"end":{"line":113,"column":38}},"115":{"start":{"line":116,"column":0},"end":{"line":116,"column":35}},"117":{"start":{"line":118,"column":0},"end":{"line":118,"column":83}},"118":{"start":{"line":119,"column":0},"end":{"line":119,"column":29}},"119":{"start":{"line":120,"column":0},"end":{"line":120,"column":49}},"122":{"start":{"line":123,"column":0},"end":{"line":123,"column":26}},"123":{"start":{"line":124,"column":0},"end":{"line":124,"column":47}},"124":{"start":{"line":125,"column":0},"end":{"line":125,"column":16}},"127":{"start":{"line":128,"column":0},"end":{"line":128,"column":26}},"128":{"start":{"line":129,"column":0},"end":{"line":129,"column":35}},"129":{"start":{"line":130,"column":0},"end":{"line":130,"column":16}},"130":{"start":{"line":131,"column":0},"end":{"line":131,"column":7}},"131":{"start":{"line":132,"column":0},"end":{"line":132,"column":5}},"135":{"start":{"line":136,"column":0},"end":{"line":136,"column":43}},"136":{"start":{"line":137,"column":0},"end":{"line":137,"column":45}},"137":{"start":{"line":138,"column":0},"end":{"line":138,"column":55}},"138":{"start":{"line":139,"column":0},"end":{"line":139,"column":59}},"139":{"start":{"line":140,"column":0},"end":{"line":140,"column":51}},"142":{"start":{"line":143,"column":0},"end":{"line":143,"column":45}},"143":{"start":{"line":144,"column":0},"end":{"line":144,"column":33}},"146":{"start":{"line":147,"column":0},"end":{"line":147,"column":36}},"147":{"start":{"line":148,"column":0},"end":{"line":148,"column":70}},"148":{"start":{"line":149,"column":0},"end":{"line":149,"column":6}},"151":{"start":{"line":152,"column":0},"end":{"line":152,"column":71}},"152":{"start":{"line":153,"column":0},"end":{"line":153,"column":111}},"153":{"start":{"line":154,"column":0},"end":{"line":154,"column":76}},"154":{"start":{"line":155,"column":0},"end":{"line":155,"column":57}},"159":{"start":{"line":160,"column":0},"end":{"line":160,"column":83}},"160":{"start":{"line":161,"column":0},"end":{"line":161,"column":84}},"161":{"start":{"line":162,"column":0},"end":{"line":162,"column":31}},"162":{"start":{"line":163,"column":0},"end":{"line":163,"column":68}},"164":{"start":{"line":165,"column":0},"end":{"line":165,"column":40}},"183":{"start":{"line":184,"column":0},"end":{"line":184,"column":60}},"184":{"start":{"line":185,"column":0},"end":{"line":185,"column":16}},"185":{"start":{"line":186,"column":0},"end":{"line":186,"column":35}},"186":{"start":{"line":187,"column":0},"end":{"line":187,"column":29}},"189":{"start":{"line":190,"column":0},"end":{"line":190,"column":78}},"190":{"start":{"line":191,"column":0},"end":{"line":191,"column":24}},"191":{"start":{"line":192,"column":0},"end":{"line":192,"column":44}},"194":{"start":{"line":195,"column":0},"end":{"line":195,"column":63}},"195":{"start":{"line":196,"column":0},"end":{"line":196,"column":41}},"196":{"start":{"line":197,"column":0},"end":{"line":197,"column":88}},"197":{"start":{"line":198,"column":0},"end":{"line":198,"column":13}},"198":{"start":{"line":199,"column":0},"end":{"line":199,"column":11}},"199":{"start":{"line":200,"column":0},"end":{"line":200,"column":10}},"202":{"start":{"line":203,"column":0},"end":{"line":203,"column":50}},"203":{"start":{"line":204,"column":0},"end":{"line":204,"column":51}},"204":{"start":{"line":205,"column":0},"end":{"line":205,"column":70}},"205":{"start":{"line":206,"column":0},"end":{"line":206,"column":11}},"206":{"start":{"line":207,"column":0},"end":{"line":207,"column":50}},"207":{"start":{"line":208,"column":0},"end":{"line":208,"column":48}},"208":{"start":{"line":209,"column":0},"end":{"line":209,"column":70}},"209":{"start":{"line":210,"column":0},"end":{"line":210,"column":11}},"210":{"start":{"line":211,"column":0},"end":{"line":211,"column":7}},"211":{"start":{"line":212,"column":0},"end":{"line":212,"column":5}},"214":{"start":{"line":215,"column":0},"end":{"line":215,"column":74}},"215":{"start":{"line":216,"column":0},"end":{"line":216,"column":28}},"216":{"start":{"line":217,"column":0},"end":{"line":217,"column":39}},"217":{"start":{"line":218,"column":0},"end":{"line":218,"column":50}},"218":{"start":{"line":219,"column":0},"end":{"line":219,"column":43}},"219":{"start":{"line":220,"column":0},"end":{"line":220,"column":35}},"220":{"start":{"line":221,"column":0},"end":{"line":221,"column":31}},"221":{"start":{"line":222,"column":0},"end":{"line":222,"column":35}},"222":{"start":{"line":223,"column":0},"end":{"line":223,"column":72}},"223":{"start":{"line":224,"column":0},"end":{"line":224,"column":29}},"224":{"start":{"line":225,"column":0},"end":{"line":225,"column":7}},"226":{"start":{"line":227,"column":0},"end":{"line":227,"column":35}},"227":{"start":{"line":228,"column":0},"end":{"line":228,"column":50}},"228":{"start":{"line":229,"column":0},"end":{"line":229,"column":75}},"229":{"start":{"line":230,"column":0},"end":{"line":230,"column":90}},"230":{"start":{"line":231,"column":0},"end":{"line":231,"column":49}},"231":{"start":{"line":232,"column":0},"end":{"line":232,"column":110}},"233":{"start":{"line":234,"column":0},"end":{"line":234,"column":25}},"234":{"start":{"line":235,"column":0},"end":{"line":235,"column":34}},"235":{"start":{"line":236,"column":0},"end":{"line":236,"column":37}},"236":{"start":{"line":237,"column":0},"end":{"line":237,"column":99}},"237":{"start":{"line":238,"column":0},"end":{"line":238,"column":46}},"238":{"start":{"line":239,"column":0},"end":{"line":239,"column":55}},"239":{"start":{"line":240,"column":0},"end":{"line":240,"column":66}},"240":{"start":{"line":241,"column":0},"end":{"line":241,"column":12}},"241":{"start":{"line":242,"column":0},"end":{"line":242,"column":41}},"242":{"start":{"line":243,"column":0},"end":{"line":243,"column":34}},"243":{"start":{"line":244,"column":0},"end":{"line":244,"column":91}},"244":{"start":{"line":245,"column":0},"end":{"line":245,"column":43}},"245":{"start":{"line":246,"column":0},"end":{"line":246,"column":15}},"246":{"start":{"line":247,"column":0},"end":{"line":247,"column":19}},"247":{"start":{"line":248,"column":0},"end":{"line":248,"column":64}},"248":{"start":{"line":249,"column":0},"end":{"line":249,"column":105}},"249":{"start":{"line":250,"column":0},"end":{"line":250,"column":15}},"251":{"start":{"line":252,"column":0},"end":{"line":252,"column":16}},"252":{"start":{"line":253,"column":0},"end":{"line":253,"column":52}},"253":{"start":{"line":254,"column":0},"end":{"line":254,"column":47}},"254":{"start":{"line":255,"column":0},"end":{"line":255,"column":50}},"255":{"start":{"line":256,"column":0},"end":{"line":256,"column":54}},"256":{"start":{"line":257,"column":0},"end":{"line":257,"column":54}},"257":{"start":{"line":258,"column":0},"end":{"line":258,"column":54}},"258":{"start":{"line":259,"column":0},"end":{"line":259,"column":54}},"259":{"start":{"line":260,"column":0},"end":{"line":260,"column":20}},"260":{"start":{"line":261,"column":0},"end":{"line":261,"column":18}},"261":{"start":{"line":262,"column":0},"end":{"line":262,"column":76}},"262":{"start":{"line":263,"column":0},"end":{"line":263,"column":83}},"263":{"start":{"line":264,"column":0},"end":{"line":264,"column":53}},"264":{"start":{"line":265,"column":0},"end":{"line":265,"column":49}},"265":{"start":{"line":266,"column":0},"end":{"line":266,"column":95}},"266":{"start":{"line":267,"column":0},"end":{"line":267,"column":60}},"267":{"start":{"line":268,"column":0},"end":{"line":268,"column":22}},"268":{"start":{"line":269,"column":0},"end":{"line":269,"column":20}},"269":{"start":{"line":270,"column":0},"end":{"line":270,"column":78}},"270":{"start":{"line":271,"column":0},"end":{"line":271,"column":102}},"271":{"start":{"line":272,"column":0},"end":{"line":272,"column":38}},"272":{"start":{"line":273,"column":0},"end":{"line":273,"column":21}},"273":{"start":{"line":274,"column":0},"end":{"line":274,"column":18}},"274":{"start":{"line":275,"column":0},"end":{"line":275,"column":18}},"275":{"start":{"line":276,"column":0},"end":{"line":276,"column":66}},"276":{"start":{"line":277,"column":0},"end":{"line":277,"column":50}},"277":{"start":{"line":278,"column":0},"end":{"line":278,"column":53}},"278":{"start":{"line":279,"column":0},"end":{"line":279,"column":18}},"279":{"start":{"line":280,"column":0},"end":{"line":280,"column":16}},"281":{"start":{"line":282,"column":0},"end":{"line":282,"column":7}},"282":{"start":{"line":283,"column":0},"end":{"line":283,"column":38}},"283":{"start":{"line":284,"column":0},"end":{"line":284,"column":5}},"286":{"start":{"line":287,"column":0},"end":{"line":287,"column":72}},"287":{"start":{"line":288,"column":0},"end":{"line":288,"column":27}},"288":{"start":{"line":289,"column":0},"end":{"line":289,"column":38}},"289":{"start":{"line":290,"column":0},"end":{"line":290,"column":50}},"290":{"start":{"line":291,"column":0},"end":{"line":291,"column":42}},"291":{"start":{"line":292,"column":0},"end":{"line":292,"column":35}},"292":{"start":{"line":293,"column":0},"end":{"line":293,"column":34}},"293":{"start":{"line":294,"column":0},"end":{"line":294,"column":47}},"294":{"start":{"line":295,"column":0},"end":{"line":295,"column":62}},"295":{"start":{"line":296,"column":0},"end":{"line":296,"column":42}},"296":{"start":{"line":297,"column":0},"end":{"line":297,"column":47}},"298":{"start":{"line":299,"column":0},"end":{"line":299,"column":25}},"299":{"start":{"line":300,"column":0},"end":{"line":300,"column":64}},"300":{"start":{"line":301,"column":0},"end":{"line":301,"column":63}},"301":{"start":{"line":302,"column":0},"end":{"line":302,"column":79}},"302":{"start":{"line":303,"column":0},"end":{"line":303,"column":15}},"305":{"start":{"line":306,"column":0},"end":{"line":306,"column":25}},"306":{"start":{"line":307,"column":0},"end":{"line":307,"column":45}},"307":{"start":{"line":308,"column":0},"end":{"line":308,"column":49}},"308":{"start":{"line":309,"column":0},"end":{"line":309,"column":39}},"309":{"start":{"line":310,"column":0},"end":{"line":310,"column":22}},"310":{"start":{"line":311,"column":0},"end":{"line":311,"column":47}},"311":{"start":{"line":312,"column":0},"end":{"line":312,"column":124}},"312":{"start":{"line":313,"column":0},"end":{"line":313,"column":77}},"313":{"start":{"line":314,"column":0},"end":{"line":314,"column":45}},"314":{"start":{"line":315,"column":0},"end":{"line":315,"column":69}},"315":{"start":{"line":316,"column":0},"end":{"line":316,"column":67}},"316":{"start":{"line":317,"column":0},"end":{"line":317,"column":68}},"317":{"start":{"line":318,"column":0},"end":{"line":318,"column":57}},"319":{"start":{"line":320,"column":0},"end":{"line":320,"column":49}},"320":{"start":{"line":321,"column":0},"end":{"line":321,"column":48}},"321":{"start":{"line":322,"column":0},"end":{"line":322,"column":26}},"322":{"start":{"line":323,"column":0},"end":{"line":323,"column":21}},"323":{"start":{"line":324,"column":0},"end":{"line":324,"column":51}},"324":{"start":{"line":325,"column":0},"end":{"line":325,"column":27}},"325":{"start":{"line":326,"column":0},"end":{"line":326,"column":20}},"326":{"start":{"line":327,"column":0},"end":{"line":327,"column":66}},"327":{"start":{"line":328,"column":0},"end":{"line":328,"column":48}},"328":{"start":{"line":329,"column":0},"end":{"line":329,"column":59}},"329":{"start":{"line":330,"column":0},"end":{"line":330,"column":53}},"330":{"start":{"line":331,"column":0},"end":{"line":331,"column":35}},"331":{"start":{"line":332,"column":0},"end":{"line":332,"column":39}},"332":{"start":{"line":333,"column":0},"end":{"line":333,"column":43}},"333":{"start":{"line":334,"column":0},"end":{"line":334,"column":20}},"334":{"start":{"line":335,"column":0},"end":{"line":335,"column":20}},"335":{"start":{"line":336,"column":0},"end":{"line":336,"column":64}},"336":{"start":{"line":337,"column":0},"end":{"line":337,"column":47}},"337":{"start":{"line":338,"column":0},"end":{"line":338,"column":61}},"338":{"start":{"line":339,"column":0},"end":{"line":339,"column":55}},"339":{"start":{"line":340,"column":0},"end":{"line":340,"column":35}},"340":{"start":{"line":341,"column":0},"end":{"line":341,"column":39}},"341":{"start":{"line":342,"column":0},"end":{"line":342,"column":43}},"342":{"start":{"line":343,"column":0},"end":{"line":343,"column":20}},"343":{"start":{"line":344,"column":0},"end":{"line":344,"column":20}},"344":{"start":{"line":345,"column":0},"end":{"line":345,"column":66}},"345":{"start":{"line":346,"column":0},"end":{"line":346,"column":48}},"346":{"start":{"line":347,"column":0},"end":{"line":347,"column":59}},"347":{"start":{"line":348,"column":0},"end":{"line":348,"column":53}},"348":{"start":{"line":349,"column":0},"end":{"line":349,"column":35}},"349":{"start":{"line":350,"column":0},"end":{"line":350,"column":39}},"350":{"start":{"line":351,"column":0},"end":{"line":351,"column":43}},"351":{"start":{"line":352,"column":0},"end":{"line":352,"column":19}},"352":{"start":{"line":353,"column":0},"end":{"line":353,"column":17}},"353":{"start":{"line":354,"column":0},"end":{"line":354,"column":16}},"354":{"start":{"line":355,"column":0},"end":{"line":355,"column":25}},"355":{"start":{"line":356,"column":0},"end":{"line":356,"column":31}},"356":{"start":{"line":357,"column":0},"end":{"line":357,"column":34}},"357":{"start":{"line":358,"column":0},"end":{"line":358,"column":43}},"358":{"start":{"line":359,"column":0},"end":{"line":359,"column":25}},"359":{"start":{"line":360,"column":0},"end":{"line":360,"column":22}},"360":{"start":{"line":361,"column":0},"end":{"line":361,"column":34}},"361":{"start":{"line":362,"column":0},"end":{"line":362,"column":35}},"362":{"start":{"line":363,"column":0},"end":{"line":363,"column":44}},"363":{"start":{"line":364,"column":0},"end":{"line":364,"column":20}},"364":{"start":{"line":365,"column":0},"end":{"line":365,"column":22}},"365":{"start":{"line":366,"column":0},"end":{"line":366,"column":34}},"366":{"start":{"line":367,"column":0},"end":{"line":367,"column":35}},"367":{"start":{"line":368,"column":0},"end":{"line":368,"column":44}},"368":{"start":{"line":369,"column":0},"end":{"line":369,"column":19}},"369":{"start":{"line":370,"column":0},"end":{"line":370,"column":18}},"370":{"start":{"line":371,"column":0},"end":{"line":371,"column":27}},"371":{"start":{"line":372,"column":0},"end":{"line":372,"column":28}},"372":{"start":{"line":373,"column":0},"end":{"line":373,"column":34}},"373":{"start":{"line":374,"column":0},"end":{"line":374,"column":39}},"374":{"start":{"line":375,"column":0},"end":{"line":375,"column":29}},"375":{"start":{"line":376,"column":0},"end":{"line":376,"column":35}},"376":{"start":{"line":377,"column":0},"end":{"line":377,"column":34}},"377":{"start":{"line":378,"column":0},"end":{"line":378,"column":40}},"378":{"start":{"line":379,"column":0},"end":{"line":379,"column":21}},"379":{"start":{"line":380,"column":0},"end":{"line":380,"column":20}},"380":{"start":{"line":381,"column":0},"end":{"line":381,"column":28}},"381":{"start":{"line":382,"column":0},"end":{"line":382,"column":32}},"382":{"start":{"line":383,"column":0},"end":{"line":383,"column":48}},"383":{"start":{"line":384,"column":0},"end":{"line":384,"column":66}},"384":{"start":{"line":385,"column":0},"end":{"line":385,"column":60}},"385":{"start":{"line":386,"column":0},"end":{"line":386,"column":61}},"386":{"start":{"line":387,"column":0},"end":{"line":387,"column":23}},"387":{"start":{"line":388,"column":0},"end":{"line":388,"column":21}},"388":{"start":{"line":389,"column":0},"end":{"line":389,"column":19}},"389":{"start":{"line":390,"column":0},"end":{"line":390,"column":18}},"390":{"start":{"line":391,"column":0},"end":{"line":391,"column":15}},"391":{"start":{"line":392,"column":0},"end":{"line":392,"column":15}},"392":{"start":{"line":393,"column":0},"end":{"line":393,"column":11}},"394":{"start":{"line":395,"column":0},"end":{"line":395,"column":49}},"395":{"start":{"line":396,"column":0},"end":{"line":396,"column":27}},"396":{"start":{"line":397,"column":0},"end":{"line":397,"column":59}},"397":{"start":{"line":398,"column":0},"end":{"line":398,"column":41}},"398":{"start":{"line":399,"column":0},"end":{"line":399,"column":53}},"399":{"start":{"line":400,"column":0},"end":{"line":400,"column":61}},"400":{"start":{"line":401,"column":0},"end":{"line":401,"column":75}},"401":{"start":{"line":402,"column":0},"end":{"line":402,"column":85}},"402":{"start":{"line":403,"column":0},"end":{"line":403,"column":222}},"403":{"start":{"line":404,"column":0},"end":{"line":404,"column":78}},"404":{"start":{"line":405,"column":0},"end":{"line":405,"column":20}},"405":{"start":{"line":406,"column":0},"end":{"line":406,"column":15}},"406":{"start":{"line":407,"column":0},"end":{"line":407,"column":13}},"407":{"start":{"line":408,"column":0},"end":{"line":408,"column":50}},"408":{"start":{"line":409,"column":0},"end":{"line":409,"column":32}},"409":{"start":{"line":410,"column":0},"end":{"line":410,"column":77}},"410":{"start":{"line":411,"column":0},"end":{"line":411,"column":59}},"411":{"start":{"line":412,"column":0},"end":{"line":412,"column":88}},"412":{"start":{"line":413,"column":0},"end":{"line":413,"column":42}},"413":{"start":{"line":414,"column":0},"end":{"line":414,"column":417}},"414":{"start":{"line":415,"column":0},"end":{"line":415,"column":118}},"415":{"start":{"line":416,"column":0},"end":{"line":416,"column":15}},"416":{"start":{"line":417,"column":0},"end":{"line":417,"column":51}},"417":{"start":{"line":418,"column":0},"end":{"line":418,"column":425}},"418":{"start":{"line":419,"column":0},"end":{"line":419,"column":55}},"419":{"start":{"line":420,"column":0},"end":{"line":420,"column":56}},"420":{"start":{"line":421,"column":0},"end":{"line":421,"column":29}},"421":{"start":{"line":422,"column":0},"end":{"line":422,"column":23}},"422":{"start":{"line":423,"column":0},"end":{"line":423,"column":25}},"423":{"start":{"line":424,"column":0},"end":{"line":424,"column":29}},"424":{"start":{"line":425,"column":0},"end":{"line":425,"column":143}},"425":{"start":{"line":426,"column":0},"end":{"line":426,"column":144}},"426":{"start":{"line":427,"column":0},"end":{"line":427,"column":141}},"427":{"start":{"line":428,"column":0},"end":{"line":428,"column":19}},"428":{"start":{"line":429,"column":0},"end":{"line":429,"column":18}},"429":{"start":{"line":430,"column":0},"end":{"line":430,"column":26}},"430":{"start":{"line":431,"column":0},"end":{"line":431,"column":35}},"431":{"start":{"line":432,"column":0},"end":{"line":432,"column":45}},"432":{"start":{"line":433,"column":0},"end":{"line":433,"column":27}},"433":{"start":{"line":434,"column":0},"end":{"line":434,"column":24}},"434":{"start":{"line":435,"column":0},"end":{"line":435,"column":110}},"435":{"start":{"line":436,"column":0},"end":{"line":436,"column":84}},"436":{"start":{"line":437,"column":0},"end":{"line":437,"column":22}},"437":{"start":{"line":438,"column":0},"end":{"line":438,"column":24}},"438":{"start":{"line":439,"column":0},"end":{"line":439,"column":40}},"439":{"start":{"line":440,"column":0},"end":{"line":440,"column":31}},"440":{"start":{"line":441,"column":0},"end":{"line":441,"column":92}},"441":{"start":{"line":442,"column":0},"end":{"line":442,"column":57}},"442":{"start":{"line":443,"column":0},"end":{"line":443,"column":21}},"443":{"start":{"line":444,"column":0},"end":{"line":444,"column":20}},"444":{"start":{"line":445,"column":0},"end":{"line":445,"column":61}},"445":{"start":{"line":446,"column":0},"end":{"line":446,"column":17}},"446":{"start":{"line":447,"column":0},"end":{"line":447,"column":17}},"447":{"start":{"line":448,"column":0},"end":{"line":448,"column":13}},"448":{"start":{"line":449,"column":0},"end":{"line":449,"column":11}},"449":{"start":{"line":450,"column":0},"end":{"line":450,"column":19}},"451":{"start":{"line":452,"column":0},"end":{"line":452,"column":31}},"452":{"start":{"line":453,"column":0},"end":{"line":453,"column":47}},"453":{"start":{"line":454,"column":0},"end":{"line":454,"column":102}},"454":{"start":{"line":455,"column":0},"end":{"line":455,"column":141}},"455":{"start":{"line":456,"column":0},"end":{"line":456,"column":166}},"456":{"start":{"line":457,"column":0},"end":{"line":457,"column":180}},"458":{"start":{"line":459,"column":0},"end":{"line":459,"column":49}},"459":{"start":{"line":460,"column":0},"end":{"line":460,"column":97}},"462":{"start":{"line":463,"column":0},"end":{"line":463,"column":120}},"463":{"start":{"line":464,"column":0},"end":{"line":464,"column":78}},"464":{"start":{"line":465,"column":0},"end":{"line":465,"column":46}},"465":{"start":{"line":466,"column":0},"end":{"line":466,"column":70}},"466":{"start":{"line":467,"column":0},"end":{"line":467,"column":68}},"467":{"start":{"line":468,"column":0},"end":{"line":468,"column":69}},"468":{"start":{"line":469,"column":0},"end":{"line":469,"column":53}},"470":{"start":{"line":471,"column":0},"end":{"line":471,"column":16}},"471":{"start":{"line":472,"column":0},"end":{"line":472,"column":12}},"472":{"start":{"line":473,"column":0},"end":{"line":473,"column":349}},"473":{"start":{"line":474,"column":0},"end":{"line":474,"column":38}},"474":{"start":{"line":475,"column":0},"end":{"line":475,"column":41}},"475":{"start":{"line":476,"column":0},"end":{"line":476,"column":38}},"476":{"start":{"line":477,"column":0},"end":{"line":477,"column":65}},"477":{"start":{"line":478,"column":0},"end":{"line":478,"column":105}},"478":{"start":{"line":479,"column":0},"end":{"line":479,"column":24}},"479":{"start":{"line":480,"column":0},"end":{"line":480,"column":97}},"480":{"start":{"line":481,"column":0},"end":{"line":481,"column":72}},"481":{"start":{"line":482,"column":0},"end":{"line":482,"column":52}},"482":{"start":{"line":483,"column":0},"end":{"line":483,"column":26}},"483":{"start":{"line":484,"column":0},"end":{"line":484,"column":186}},"484":{"start":{"line":485,"column":0},"end":{"line":485,"column":57}},"485":{"start":{"line":486,"column":0},"end":{"line":486,"column":128}},"486":{"start":{"line":487,"column":0},"end":{"line":487,"column":125}},"487":{"start":{"line":488,"column":0},"end":{"line":488,"column":28}},"488":{"start":{"line":489,"column":0},"end":{"line":489,"column":57}},"489":{"start":{"line":490,"column":0},"end":{"line":490,"column":127}},"490":{"start":{"line":491,"column":0},"end":{"line":491,"column":123}},"491":{"start":{"line":492,"column":0},"end":{"line":492,"column":28}},"492":{"start":{"line":493,"column":0},"end":{"line":493,"column":57}},"493":{"start":{"line":494,"column":0},"end":{"line":494,"column":128}},"494":{"start":{"line":495,"column":0},"end":{"line":495,"column":125}},"495":{"start":{"line":496,"column":0},"end":{"line":496,"column":28}},"496":{"start":{"line":497,"column":0},"end":{"line":497,"column":26}},"497":{"start":{"line":498,"column":0},"end":{"line":498,"column":24}},"498":{"start":{"line":499,"column":0},"end":{"line":499,"column":22}},"499":{"start":{"line":500,"column":0},"end":{"line":500,"column":20}},"500":{"start":{"line":501,"column":0},"end":{"line":501,"column":18}},"503":{"start":{"line":504,"column":0},"end":{"line":504,"column":39}},"504":{"start":{"line":505,"column":0},"end":{"line":505,"column":61}},"505":{"start":{"line":506,"column":0},"end":{"line":506,"column":94}},"506":{"start":{"line":507,"column":0},"end":{"line":507,"column":20}},"507":{"start":{"line":508,"column":0},"end":{"line":508,"column":41}},"508":{"start":{"line":509,"column":0},"end":{"line":509,"column":84}},"509":{"start":{"line":510,"column":0},"end":{"line":510,"column":46}},"510":{"start":{"line":511,"column":0},"end":{"line":511,"column":25}},"511":{"start":{"line":512,"column":0},"end":{"line":512,"column":81}},"512":{"start":{"line":513,"column":0},"end":{"line":513,"column":52}},"513":{"start":{"line":514,"column":0},"end":{"line":514,"column":25}},"514":{"start":{"line":515,"column":0},"end":{"line":515,"column":26}},"516":{"start":{"line":517,"column":0},"end":{"line":517,"column":25}},"517":{"start":{"line":518,"column":0},"end":{"line":518,"column":38}},"518":{"start":{"line":519,"column":0},"end":{"line":519,"column":49}},"519":{"start":{"line":520,"column":0},"end":{"line":520,"column":92}},"520":{"start":{"line":521,"column":0},"end":{"line":521,"column":28}},"522":{"start":{"line":523,"column":0},"end":{"line":523,"column":26}},"523":{"start":{"line":524,"column":0},"end":{"line":524,"column":52}},"525":{"start":{"line":526,"column":0},"end":{"line":526,"column":30}},"526":{"start":{"line":527,"column":0},"end":{"line":527,"column":34}},"527":{"start":{"line":528,"column":0},"end":{"line":528,"column":75}},"528":{"start":{"line":529,"column":0},"end":{"line":529,"column":50}},"529":{"start":{"line":530,"column":0},"end":{"line":530,"column":44}},"531":{"start":{"line":532,"column":0},"end":{"line":532,"column":95}},"532":{"start":{"line":533,"column":0},"end":{"line":533,"column":54}},"533":{"start":{"line":534,"column":0},"end":{"line":534,"column":53}},"534":{"start":{"line":535,"column":0},"end":{"line":535,"column":108}},"535":{"start":{"line":536,"column":0},"end":{"line":536,"column":54}},"536":{"start":{"line":537,"column":0},"end":{"line":537,"column":51}},"537":{"start":{"line":538,"column":0},"end":{"line":538,"column":75}},"538":{"start":{"line":539,"column":0},"end":{"line":539,"column":92}},"539":{"start":{"line":540,"column":0},"end":{"line":540,"column":37}},"540":{"start":{"line":541,"column":0},"end":{"line":541,"column":58}},"541":{"start":{"line":542,"column":0},"end":{"line":542,"column":36}},"542":{"start":{"line":543,"column":0},"end":{"line":543,"column":49}},"543":{"start":{"line":544,"column":0},"end":{"line":544,"column":83}},"544":{"start":{"line":545,"column":0},"end":{"line":545,"column":58}},"545":{"start":{"line":546,"column":0},"end":{"line":546,"column":37}},"546":{"start":{"line":547,"column":0},"end":{"line":547,"column":31}},"547":{"start":{"line":548,"column":0},"end":{"line":548,"column":30}},"549":{"start":{"line":550,"column":0},"end":{"line":550,"column":76}},"550":{"start":{"line":551,"column":0},"end":{"line":551,"column":35}},"551":{"start":{"line":552,"column":0},"end":{"line":552,"column":27}},"553":{"start":{"line":554,"column":0},"end":{"line":554,"column":26}},"555":{"start":{"line":556,"column":0},"end":{"line":556,"column":22}},"556":{"start":{"line":557,"column":0},"end":{"line":557,"column":20}},"557":{"start":{"line":558,"column":0},"end":{"line":558,"column":18}},"559":{"start":{"line":560,"column":0},"end":{"line":560,"column":268}},"560":{"start":{"line":561,"column":0},"end":{"line":561,"column":23}},"561":{"start":{"line":562,"column":0},"end":{"line":562,"column":41}},"562":{"start":{"line":563,"column":0},"end":{"line":563,"column":156}},"563":{"start":{"line":564,"column":0},"end":{"line":564,"column":43}},"564":{"start":{"line":565,"column":0},"end":{"line":565,"column":57}},"565":{"start":{"line":566,"column":0},"end":{"line":566,"column":108}},"566":{"start":{"line":567,"column":0},"end":{"line":567,"column":119}},"567":{"start":{"line":568,"column":0},"end":{"line":568,"column":78}},"568":{"start":{"line":569,"column":0},"end":{"line":569,"column":156}},"569":{"start":{"line":570,"column":0},"end":{"line":570,"column":26}},"570":{"start":{"line":571,"column":0},"end":{"line":571,"column":106}},"571":{"start":{"line":572,"column":0},"end":{"line":572,"column":182}},"572":{"start":{"line":573,"column":0},"end":{"line":573,"column":26}},"573":{"start":{"line":574,"column":0},"end":{"line":574,"column":24}},"574":{"start":{"line":575,"column":0},"end":{"line":575,"column":59}},"575":{"start":{"line":576,"column":0},"end":{"line":576,"column":294}},"576":{"start":{"line":577,"column":0},"end":{"line":577,"column":279}},"577":{"start":{"line":578,"column":0},"end":{"line":578,"column":292}},"578":{"start":{"line":579,"column":0},"end":{"line":579,"column":263}},"579":{"start":{"line":580,"column":0},"end":{"line":580,"column":24}},"580":{"start":{"line":581,"column":0},"end":{"line":581,"column":92}},"581":{"start":{"line":582,"column":0},"end":{"line":582,"column":51}},"582":{"start":{"line":583,"column":0},"end":{"line":583,"column":139}},"583":{"start":{"line":584,"column":0},"end":{"line":584,"column":49}},"584":{"start":{"line":585,"column":0},"end":{"line":585,"column":68}},"585":{"start":{"line":586,"column":0},"end":{"line":586,"column":78}},"586":{"start":{"line":587,"column":0},"end":{"line":587,"column":120}},"587":{"start":{"line":588,"column":0},"end":{"line":588,"column":83}},"588":{"start":{"line":589,"column":0},"end":{"line":589,"column":123}},"589":{"start":{"line":590,"column":0},"end":{"line":590,"column":33}},"590":{"start":{"line":591,"column":0},"end":{"line":591,"column":29}},"591":{"start":{"line":592,"column":0},"end":{"line":592,"column":29}},"592":{"start":{"line":593,"column":0},"end":{"line":593,"column":28}},"593":{"start":{"line":594,"column":0},"end":{"line":594,"column":26}},"595":{"start":{"line":596,"column":0},"end":{"line":596,"column":22}},"596":{"start":{"line":597,"column":0},"end":{"line":597,"column":20}},"598":{"start":{"line":599,"column":0},"end":{"line":599,"column":13}},"600":{"start":{"line":601,"column":0},"end":{"line":601,"column":7}},"601":{"start":{"line":602,"column":0},"end":{"line":602,"column":37}},"602":{"start":{"line":603,"column":0},"end":{"line":603,"column":5}},"605":{"start":{"line":606,"column":0},"end":{"line":606,"column":78}},"606":{"start":{"line":607,"column":0},"end":{"line":607,"column":27}},"607":{"start":{"line":608,"column":0},"end":{"line":608,"column":50}},"608":{"start":{"line":609,"column":0},"end":{"line":609,"column":38}},"609":{"start":{"line":610,"column":0},"end":{"line":610,"column":42}},"610":{"start":{"line":611,"column":0},"end":{"line":611,"column":35}},"611":{"start":{"line":612,"column":0},"end":{"line":612,"column":33}},"612":{"start":{"line":613,"column":0},"end":{"line":613,"column":90}},"613":{"start":{"line":614,"column":0},"end":{"line":614,"column":59}},"614":{"start":{"line":615,"column":0},"end":{"line":615,"column":61}},"617":{"start":{"line":618,"column":0},"end":{"line":618,"column":25}},"618":{"start":{"line":619,"column":0},"end":{"line":619,"column":47}},"619":{"start":{"line":620,"column":0},"end":{"line":620,"column":35}},"620":{"start":{"line":621,"column":0},"end":{"line":621,"column":50}},"621":{"start":{"line":622,"column":0},"end":{"line":622,"column":47}},"622":{"start":{"line":623,"column":0},"end":{"line":623,"column":15}},"623":{"start":{"line":624,"column":0},"end":{"line":624,"column":41}},"624":{"start":{"line":625,"column":0},"end":{"line":625,"column":13}},"625":{"start":{"line":626,"column":0},"end":{"line":626,"column":15}},"627":{"start":{"line":628,"column":0},"end":{"line":628,"column":25}},"628":{"start":{"line":629,"column":0},"end":{"line":629,"column":34}},"629":{"start":{"line":630,"column":0},"end":{"line":630,"column":65}},"630":{"start":{"line":631,"column":0},"end":{"line":631,"column":41}},"631":{"start":{"line":632,"column":0},"end":{"line":632,"column":31}},"632":{"start":{"line":633,"column":0},"end":{"line":633,"column":61}},"633":{"start":{"line":634,"column":0},"end":{"line":634,"column":29}},"634":{"start":{"line":635,"column":0},"end":{"line":635,"column":36}},"635":{"start":{"line":636,"column":0},"end":{"line":636,"column":117}},"636":{"start":{"line":637,"column":0},"end":{"line":637,"column":64}},"637":{"start":{"line":638,"column":0},"end":{"line":638,"column":48}},"638":{"start":{"line":639,"column":0},"end":{"line":639,"column":36}},"639":{"start":{"line":640,"column":0},"end":{"line":640,"column":16}},"640":{"start":{"line":641,"column":0},"end":{"line":641,"column":111}},"641":{"start":{"line":642,"column":0},"end":{"line":642,"column":15}},"642":{"start":{"line":643,"column":0},"end":{"line":643,"column":143}},"643":{"start":{"line":644,"column":0},"end":{"line":644,"column":70}},"646":{"start":{"line":647,"column":0},"end":{"line":647,"column":66}},"647":{"start":{"line":648,"column":0},"end":{"line":648,"column":17}},"648":{"start":{"line":649,"column":0},"end":{"line":649,"column":93}},"649":{"start":{"line":650,"column":0},"end":{"line":650,"column":48}},"650":{"start":{"line":651,"column":0},"end":{"line":651,"column":22}},"651":{"start":{"line":652,"column":0},"end":{"line":652,"column":12}},"652":{"start":{"line":653,"column":0},"end":{"line":653,"column":63}},"653":{"start":{"line":654,"column":0},"end":{"line":654,"column":79}},"654":{"start":{"line":655,"column":0},"end":{"line":655,"column":15}},"656":{"start":{"line":657,"column":0},"end":{"line":657,"column":47}},"657":{"start":{"line":658,"column":0},"end":{"line":658,"column":71}},"658":{"start":{"line":659,"column":0},"end":{"line":659,"column":59}},"660":{"start":{"line":661,"column":0},"end":{"line":661,"column":57}},"661":{"start":{"line":662,"column":0},"end":{"line":662,"column":39}},"662":{"start":{"line":663,"column":0},"end":{"line":663,"column":52}},"664":{"start":{"line":665,"column":0},"end":{"line":665,"column":67}},"666":{"start":{"line":667,"column":0},"end":{"line":667,"column":17}},"667":{"start":{"line":668,"column":0},"end":{"line":668,"column":64}},"668":{"start":{"line":669,"column":0},"end":{"line":669,"column":68}},"669":{"start":{"line":670,"column":0},"end":{"line":670,"column":32}},"670":{"start":{"line":671,"column":0},"end":{"line":671,"column":65}},"671":{"start":{"line":672,"column":0},"end":{"line":672,"column":39}},"672":{"start":{"line":673,"column":0},"end":{"line":673,"column":37}},"673":{"start":{"line":674,"column":0},"end":{"line":674,"column":46}},"674":{"start":{"line":675,"column":0},"end":{"line":675,"column":43}},"675":{"start":{"line":676,"column":0},"end":{"line":676,"column":47}},"676":{"start":{"line":677,"column":0},"end":{"line":677,"column":45}},"677":{"start":{"line":678,"column":0},"end":{"line":678,"column":50}},"678":{"start":{"line":679,"column":0},"end":{"line":679,"column":61}},"679":{"start":{"line":680,"column":0},"end":{"line":680,"column":19}},"680":{"start":{"line":681,"column":0},"end":{"line":681,"column":17}},"681":{"start":{"line":682,"column":0},"end":{"line":682,"column":45}},"683":{"start":{"line":684,"column":0},"end":{"line":684,"column":33}},"684":{"start":{"line":685,"column":0},"end":{"line":685,"column":91}},"687":{"start":{"line":688,"column":0},"end":{"line":688,"column":46}},"688":{"start":{"line":689,"column":0},"end":{"line":689,"column":26}},"689":{"start":{"line":690,"column":0},"end":{"line":690,"column":67}},"690":{"start":{"line":691,"column":0},"end":{"line":691,"column":20}},"693":{"start":{"line":694,"column":0},"end":{"line":694,"column":70}},"694":{"start":{"line":695,"column":0},"end":{"line":695,"column":40}},"695":{"start":{"line":696,"column":0},"end":{"line":696,"column":22}},"696":{"start":{"line":697,"column":0},"end":{"line":697,"column":89}},"697":{"start":{"line":698,"column":0},"end":{"line":698,"column":26}},"698":{"start":{"line":699,"column":0},"end":{"line":699,"column":47}},"699":{"start":{"line":700,"column":0},"end":{"line":700,"column":34}},"700":{"start":{"line":701,"column":0},"end":{"line":701,"column":40}},"701":{"start":{"line":702,"column":0},"end":{"line":702,"column":54}},"702":{"start":{"line":703,"column":0},"end":{"line":703,"column":18}},"703":{"start":{"line":704,"column":0},"end":{"line":704,"column":81}},"704":{"start":{"line":705,"column":0},"end":{"line":705,"column":47}},"705":{"start":{"line":706,"column":0},"end":{"line":706,"column":22}},"706":{"start":{"line":707,"column":0},"end":{"line":707,"column":77}},"707":{"start":{"line":708,"column":0},"end":{"line":708,"column":89}},"709":{"start":{"line":710,"column":0},"end":{"line":710,"column":48}},"710":{"start":{"line":711,"column":0},"end":{"line":711,"column":28}},"711":{"start":{"line":712,"column":0},"end":{"line":712,"column":69}},"712":{"start":{"line":713,"column":0},"end":{"line":713,"column":22}},"713":{"start":{"line":714,"column":0},"end":{"line":714,"column":24}},"714":{"start":{"line":715,"column":0},"end":{"line":715,"column":82}},"715":{"start":{"line":716,"column":0},"end":{"line":716,"column":17}},"716":{"start":{"line":717,"column":0},"end":{"line":717,"column":15}},"717":{"start":{"line":718,"column":0},"end":{"line":718,"column":25}},"718":{"start":{"line":719,"column":0},"end":{"line":719,"column":63}},"719":{"start":{"line":720,"column":0},"end":{"line":720,"column":23}},"720":{"start":{"line":721,"column":0},"end":{"line":721,"column":65}},"721":{"start":{"line":722,"column":0},"end":{"line":722,"column":13}},"722":{"start":{"line":723,"column":0},"end":{"line":723,"column":11}},"724":{"start":{"line":725,"column":0},"end":{"line":725,"column":18}},"725":{"start":{"line":726,"column":0},"end":{"line":726,"column":55}},"726":{"start":{"line":727,"column":0},"end":{"line":727,"column":141}},"727":{"start":{"line":728,"column":0},"end":{"line":728,"column":108}},"728":{"start":{"line":729,"column":0},"end":{"line":729,"column":106}},"729":{"start":{"line":730,"column":0},"end":{"line":730,"column":68}},"730":{"start":{"line":731,"column":0},"end":{"line":731,"column":112}},"731":{"start":{"line":732,"column":0},"end":{"line":732,"column":53}},"733":{"start":{"line":734,"column":0},"end":{"line":734,"column":24}},"734":{"start":{"line":735,"column":0},"end":{"line":735,"column":117}},"735":{"start":{"line":736,"column":0},"end":{"line":736,"column":74}},"736":{"start":{"line":737,"column":0},"end":{"line":737,"column":57}},"737":{"start":{"line":738,"column":0},"end":{"line":738,"column":138}},"738":{"start":{"line":739,"column":0},"end":{"line":739,"column":108}},"739":{"start":{"line":740,"column":0},"end":{"line":740,"column":26}},"740":{"start":{"line":741,"column":0},"end":{"line":741,"column":36}},"741":{"start":{"line":742,"column":0},"end":{"line":742,"column":178}},"742":{"start":{"line":743,"column":0},"end":{"line":743,"column":106}},"743":{"start":{"line":744,"column":0},"end":{"line":744,"column":115}},"744":{"start":{"line":745,"column":0},"end":{"line":745,"column":101}},"745":{"start":{"line":746,"column":0},"end":{"line":746,"column":120}},"746":{"start":{"line":747,"column":0},"end":{"line":747,"column":28}},"748":{"start":{"line":749,"column":0},"end":{"line":749,"column":54}},"749":{"start":{"line":750,"column":0},"end":{"line":750,"column":135}},"750":{"start":{"line":751,"column":0},"end":{"line":751,"column":30}},"751":{"start":{"line":752,"column":0},"end":{"line":752,"column":166}},"752":{"start":{"line":753,"column":0},"end":{"line":753,"column":81}},"753":{"start":{"line":754,"column":0},"end":{"line":754,"column":66}},"754":{"start":{"line":755,"column":0},"end":{"line":755,"column":23}},"756":{"start":{"line":757,"column":0},"end":{"line":757,"column":31}},"757":{"start":{"line":758,"column":0},"end":{"line":758,"column":30}},"758":{"start":{"line":759,"column":0},"end":{"line":759,"column":164}},"759":{"start":{"line":760,"column":0},"end":{"line":760,"column":80}},"760":{"start":{"line":761,"column":0},"end":{"line":761,"column":65}},"761":{"start":{"line":762,"column":0},"end":{"line":762,"column":23}},"763":{"start":{"line":764,"column":0},"end":{"line":764,"column":31}},"764":{"start":{"line":765,"column":0},"end":{"line":765,"column":30}},"765":{"start":{"line":766,"column":0},"end":{"line":766,"column":166}},"766":{"start":{"line":767,"column":0},"end":{"line":767,"column":81}},"767":{"start":{"line":768,"column":0},"end":{"line":768,"column":66}},"768":{"start":{"line":769,"column":0},"end":{"line":769,"column":23}},"770":{"start":{"line":771,"column":0},"end":{"line":771,"column":31}},"771":{"start":{"line":772,"column":0},"end":{"line":772,"column":26}},"772":{"start":{"line":773,"column":0},"end":{"line":773,"column":24}},"774":{"start":{"line":775,"column":0},"end":{"line":775,"column":17}},"775":{"start":{"line":776,"column":0},"end":{"line":776,"column":186}},"776":{"start":{"line":777,"column":0},"end":{"line":777,"column":18}},"778":{"start":{"line":779,"column":0},"end":{"line":779,"column":9}},"780":{"start":{"line":781,"column":0},"end":{"line":781,"column":102}},"782":{"start":{"line":783,"column":0},"end":{"line":783,"column":16}},"783":{"start":{"line":784,"column":0},"end":{"line":784,"column":12}},"785":{"start":{"line":786,"column":0},"end":{"line":786,"column":127}},"786":{"start":{"line":787,"column":0},"end":{"line":787,"column":35}},"787":{"start":{"line":788,"column":0},"end":{"line":788,"column":83}},"788":{"start":{"line":789,"column":0},"end":{"line":789,"column":19}},"789":{"start":{"line":790,"column":0},"end":{"line":790,"column":46}},"790":{"start":{"line":791,"column":0},"end":{"line":791,"column":81}},"791":{"start":{"line":792,"column":0},"end":{"line":792,"column":32}},"792":{"start":{"line":793,"column":0},"end":{"line":793,"column":35}},"793":{"start":{"line":794,"column":0},"end":{"line":794,"column":35}},"794":{"start":{"line":795,"column":0},"end":{"line":795,"column":17}},"795":{"start":{"line":796,"column":0},"end":{"line":796,"column":37}},"796":{"start":{"line":797,"column":0},"end":{"line":797,"column":21}},"797":{"start":{"line":798,"column":0},"end":{"line":798,"column":18}},"799":{"start":{"line":800,"column":0},"end":{"line":800,"column":39}},"800":{"start":{"line":801,"column":0},"end":{"line":801,"column":54}},"801":{"start":{"line":802,"column":0},"end":{"line":802,"column":289}},"802":{"start":{"line":803,"column":0},"end":{"line":803,"column":71}},"803":{"start":{"line":804,"column":0},"end":{"line":804,"column":20}},"804":{"start":{"line":805,"column":0},"end":{"line":805,"column":54}},"805":{"start":{"line":806,"column":0},"end":{"line":806,"column":284}},"806":{"start":{"line":807,"column":0},"end":{"line":807,"column":69}},"807":{"start":{"line":808,"column":0},"end":{"line":808,"column":20}},"808":{"start":{"line":809,"column":0},"end":{"line":809,"column":54}},"809":{"start":{"line":810,"column":0},"end":{"line":810,"column":289}},"810":{"start":{"line":811,"column":0},"end":{"line":811,"column":71}},"811":{"start":{"line":812,"column":0},"end":{"line":812,"column":20}},"812":{"start":{"line":813,"column":0},"end":{"line":813,"column":199}},"813":{"start":{"line":814,"column":0},"end":{"line":814,"column":18}},"814":{"start":{"line":815,"column":0},"end":{"line":815,"column":13}},"816":{"start":{"line":817,"column":0},"end":{"line":817,"column":7}},"817":{"start":{"line":818,"column":0},"end":{"line":818,"column":36}},"818":{"start":{"line":819,"column":0},"end":{"line":819,"column":5}},"821":{"start":{"line":822,"column":0},"end":{"line":822,"column":29}},"822":{"start":{"line":823,"column":0},"end":{"line":823,"column":74}},"823":{"start":{"line":824,"column":0},"end":{"line":824,"column":70}},"824":{"start":{"line":825,"column":0},"end":{"line":825,"column":68}},"825":{"start":{"line":826,"column":0},"end":{"line":826,"column":88}},"826":{"start":{"line":827,"column":0},"end":{"line":827,"column":58}},"827":{"start":{"line":828,"column":0},"end":{"line":828,"column":57}},"829":{"start":{"line":830,"column":0},"end":{"line":830,"column":25}},"830":{"start":{"line":831,"column":0},"end":{"line":831,"column":20}},"831":{"start":{"line":832,"column":0},"end":{"line":832,"column":79}},"832":{"start":{"line":833,"column":0},"end":{"line":833,"column":100}},"833":{"start":{"line":834,"column":0},"end":{"line":834,"column":110}},"834":{"start":{"line":835,"column":0},"end":{"line":835,"column":104}},"835":{"start":{"line":836,"column":0},"end":{"line":836,"column":108}},"836":{"start":{"line":837,"column":0},"end":{"line":837,"column":73}},"837":{"start":{"line":838,"column":0},"end":{"line":838,"column":67}},"838":{"start":{"line":839,"column":0},"end":{"line":839,"column":65}},"839":{"start":{"line":840,"column":0},"end":{"line":840,"column":74}},"840":{"start":{"line":841,"column":0},"end":{"line":841,"column":69}},"841":{"start":{"line":842,"column":0},"end":{"line":842,"column":10}},"842":{"start":{"line":843,"column":0},"end":{"line":843,"column":18}},"843":{"start":{"line":844,"column":0},"end":{"line":844,"column":84}},"844":{"start":{"line":845,"column":0},"end":{"line":845,"column":10}},"845":{"start":{"line":846,"column":0},"end":{"line":846,"column":8}},"846":{"start":{"line":847,"column":0},"end":{"line":847,"column":32}},"847":{"start":{"line":848,"column":0},"end":{"line":848,"column":78}},"848":{"start":{"line":849,"column":0},"end":{"line":849,"column":65}},"850":{"start":{"line":851,"column":0},"end":{"line":851,"column":87}},"851":{"start":{"line":852,"column":0},"end":{"line":852,"column":102}},"852":{"start":{"line":853,"column":0},"end":{"line":853,"column":118}},"853":{"start":{"line":854,"column":0},"end":{"line":854,"column":7}},"854":{"start":{"line":855,"column":0},"end":{"line":855,"column":5}},"857":{"start":{"line":858,"column":0},"end":{"line":858,"column":50}},"860":{"start":{"line":861,"column":0},"end":{"line":861,"column":74}},"861":{"start":{"line":862,"column":0},"end":{"line":862,"column":83}},"864":{"start":{"line":865,"column":0},"end":{"line":865,"column":76}},"865":{"start":{"line":866,"column":0},"end":{"line":866,"column":24}},"866":{"start":{"line":867,"column":0},"end":{"line":867,"column":53}},"867":{"start":{"line":868,"column":0},"end":{"line":868,"column":35}},"868":{"start":{"line":869,"column":0},"end":{"line":869,"column":85}},"869":{"start":{"line":870,"column":0},"end":{"line":870,"column":57}},"870":{"start":{"line":871,"column":0},"end":{"line":871,"column":75}},"871":{"start":{"line":872,"column":0},"end":{"line":872,"column":62}},"872":{"start":{"line":873,"column":0},"end":{"line":873,"column":84}},"873":{"start":{"line":874,"column":0},"end":{"line":874,"column":79}},"875":{"start":{"line":876,"column":0},"end":{"line":876,"column":104}},"876":{"start":{"line":877,"column":0},"end":{"line":877,"column":100}},"878":{"start":{"line":879,"column":0},"end":{"line":879,"column":37}},"879":{"start":{"line":880,"column":0},"end":{"line":880,"column":42}},"880":{"start":{"line":881,"column":0},"end":{"line":881,"column":57}},"881":{"start":{"line":882,"column":0},"end":{"line":882,"column":74}},"882":{"start":{"line":883,"column":0},"end":{"line":883,"column":9}},"883":{"start":{"line":884,"column":0},"end":{"line":884,"column":35}},"884":{"start":{"line":885,"column":0},"end":{"line":885,"column":40}},"886":{"start":{"line":887,"column":0},"end":{"line":887,"column":120}},"888":{"start":{"line":889,"column":0},"end":{"line":889,"column":70}},"889":{"start":{"line":890,"column":0},"end":{"line":890,"column":113}},"890":{"start":{"line":891,"column":0},"end":{"line":891,"column":39}},"891":{"start":{"line":892,"column":0},"end":{"line":892,"column":76}},"892":{"start":{"line":893,"column":0},"end":{"line":893,"column":106}},"893":{"start":{"line":894,"column":0},"end":{"line":894,"column":12}},"894":{"start":{"line":895,"column":0},"end":{"line":895,"column":32}},"895":{"start":{"line":896,"column":0},"end":{"line":896,"column":27}},"896":{"start":{"line":897,"column":0},"end":{"line":897,"column":33}},"897":{"start":{"line":898,"column":0},"end":{"line":898,"column":86}},"898":{"start":{"line":899,"column":0},"end":{"line":899,"column":88}},"899":{"start":{"line":900,"column":0},"end":{"line":900,"column":79}},"900":{"start":{"line":901,"column":0},"end":{"line":901,"column":22}},"901":{"start":{"line":902,"column":0},"end":{"line":902,"column":78}},"902":{"start":{"line":903,"column":0},"end":{"line":903,"column":113}},"903":{"start":{"line":904,"column":0},"end":{"line":904,"column":15}},"904":{"start":{"line":905,"column":0},"end":{"line":905,"column":14}},"905":{"start":{"line":906,"column":0},"end":{"line":906,"column":27}},"906":{"start":{"line":907,"column":0},"end":{"line":907,"column":49}},"907":{"start":{"line":908,"column":0},"end":{"line":908,"column":62}},"908":{"start":{"line":909,"column":0},"end":{"line":909,"column":111}},"909":{"start":{"line":910,"column":0},"end":{"line":910,"column":15}},"910":{"start":{"line":911,"column":0},"end":{"line":911,"column":9}},"912":{"start":{"line":913,"column":0},"end":{"line":913,"column":16}},"913":{"start":{"line":914,"column":0},"end":{"line":914,"column":41}},"914":{"start":{"line":915,"column":0},"end":{"line":915,"column":45}},"915":{"start":{"line":916,"column":0},"end":{"line":916,"column":109}},"916":{"start":{"line":917,"column":0},"end":{"line":917,"column":18}},"917":{"start":{"line":918,"column":0},"end":{"line":918,"column":43}},"918":{"start":{"line":919,"column":0},"end":{"line":919,"column":72}},"919":{"start":{"line":920,"column":0},"end":{"line":920,"column":61}},"920":{"start":{"line":921,"column":0},"end":{"line":921,"column":140}},"921":{"start":{"line":922,"column":0},"end":{"line":922,"column":59}},"922":{"start":{"line":923,"column":0},"end":{"line":923,"column":27}},"923":{"start":{"line":924,"column":0},"end":{"line":924,"column":21}},"924":{"start":{"line":925,"column":0},"end":{"line":925,"column":61}},"925":{"start":{"line":926,"column":0},"end":{"line":926,"column":136}},"926":{"start":{"line":927,"column":0},"end":{"line":927,"column":58}},"927":{"start":{"line":928,"column":0},"end":{"line":928,"column":27}},"928":{"start":{"line":929,"column":0},"end":{"line":929,"column":21}},"929":{"start":{"line":930,"column":0},"end":{"line":930,"column":19}},"931":{"start":{"line":932,"column":0},"end":{"line":932,"column":40}},"932":{"start":{"line":933,"column":0},"end":{"line":933,"column":52}},"933":{"start":{"line":934,"column":0},"end":{"line":934,"column":71}},"934":{"start":{"line":935,"column":0},"end":{"line":935,"column":57}},"935":{"start":{"line":936,"column":0},"end":{"line":936,"column":97}},"936":{"start":{"line":937,"column":0},"end":{"line":937,"column":112}},"937":{"start":{"line":938,"column":0},"end":{"line":938,"column":110}},"938":{"start":{"line":939,"column":0},"end":{"line":939,"column":100}},"939":{"start":{"line":940,"column":0},"end":{"line":940,"column":24}},"940":{"start":{"line":941,"column":0},"end":{"line":941,"column":55}},"941":{"start":{"line":942,"column":0},"end":{"line":942,"column":138}},"942":{"start":{"line":943,"column":0},"end":{"line":943,"column":168}},"943":{"start":{"line":944,"column":0},"end":{"line":944,"column":24}},"944":{"start":{"line":945,"column":0},"end":{"line":945,"column":168}},"945":{"start":{"line":946,"column":0},"end":{"line":946,"column":22}},"947":{"start":{"line":948,"column":0},"end":{"line":948,"column":52}},"948":{"start":{"line":949,"column":0},"end":{"line":949,"column":69}},"949":{"start":{"line":950,"column":0},"end":{"line":950,"column":39}},"950":{"start":{"line":951,"column":0},"end":{"line":951,"column":54}},"951":{"start":{"line":952,"column":0},"end":{"line":952,"column":79}},"952":{"start":{"line":953,"column":0},"end":{"line":953,"column":44}},"953":{"start":{"line":954,"column":0},"end":{"line":954,"column":87}},"954":{"start":{"line":955,"column":0},"end":{"line":955,"column":105}},"955":{"start":{"line":956,"column":0},"end":{"line":956,"column":28}},"956":{"start":{"line":957,"column":0},"end":{"line":957,"column":26}},"958":{"start":{"line":959,"column":0},"end":{"line":959,"column":22}},"959":{"start":{"line":960,"column":0},"end":{"line":960,"column":61}},"960":{"start":{"line":961,"column":0},"end":{"line":961,"column":116}},"961":{"start":{"line":962,"column":0},"end":{"line":962,"column":130}},"962":{"start":{"line":963,"column":0},"end":{"line":963,"column":110}},"963":{"start":{"line":964,"column":0},"end":{"line":964,"column":166}},"964":{"start":{"line":965,"column":0},"end":{"line":965,"column":28}},"965":{"start":{"line":966,"column":0},"end":{"line":966,"column":59}},"966":{"start":{"line":967,"column":0},"end":{"line":967,"column":140}},"967":{"start":{"line":968,"column":0},"end":{"line":968,"column":223}},"968":{"start":{"line":969,"column":0},"end":{"line":969,"column":28}},"969":{"start":{"line":970,"column":0},"end":{"line":970,"column":203}},"970":{"start":{"line":971,"column":0},"end":{"line":971,"column":255}},"971":{"start":{"line":972,"column":0},"end":{"line":972,"column":23}},"973":{"start":{"line":974,"column":0},"end":{"line":974,"column":22}},"975":{"start":{"line":976,"column":0},"end":{"line":976,"column":18}},"976":{"start":{"line":977,"column":0},"end":{"line":977,"column":16}},"978":{"start":{"line":979,"column":0},"end":{"line":979,"column":7}},"979":{"start":{"line":980,"column":0},"end":{"line":980,"column":48}},"980":{"start":{"line":981,"column":0},"end":{"line":981,"column":5}},"982":{"start":{"line":983,"column":0},"end":{"line":983,"column":61}},"983":{"start":{"line":984,"column":0},"end":{"line":984,"column":33}},"984":{"start":{"line":985,"column":0},"end":{"line":985,"column":29}},"985":{"start":{"line":986,"column":0},"end":{"line":986,"column":31}},"986":{"start":{"line":987,"column":0},"end":{"line":987,"column":67}},"987":{"start":{"line":988,"column":0},"end":{"line":988,"column":85}},"988":{"start":{"line":989,"column":0},"end":{"line":989,"column":17}},"989":{"start":{"line":990,"column":0},"end":{"line":990,"column":9}},"990":{"start":{"line":991,"column":0},"end":{"line":991,"column":39}},"991":{"start":{"line":992,"column":0},"end":{"line":992,"column":120}},"992":{"start":{"line":993,"column":0},"end":{"line":993,"column":37}},"993":{"start":{"line":994,"column":0},"end":{"line":994,"column":25}},"994":{"start":{"line":995,"column":0},"end":{"line":995,"column":58}},"995":{"start":{"line":996,"column":0},"end":{"line":996,"column":111}},"996":{"start":{"line":997,"column":0},"end":{"line":997,"column":10}},"997":{"start":{"line":998,"column":0},"end":{"line":998,"column":30}},"998":{"start":{"line":999,"column":0},"end":{"line":999,"column":25}},"999":{"start":{"line":1000,"column":0},"end":{"line":1000,"column":31}},"1000":{"start":{"line":1001,"column":0},"end":{"line":1001,"column":88}},"1001":{"start":{"line":1002,"column":0},"end":{"line":1002,"column":97}},"1002":{"start":{"line":1003,"column":0},"end":{"line":1003,"column":84}},"1003":{"start":{"line":1004,"column":0},"end":{"line":1004,"column":93}},"1004":{"start":{"line":1005,"column":0},"end":{"line":1005,"column":20}},"1005":{"start":{"line":1006,"column":0},"end":{"line":1006,"column":58}},"1006":{"start":{"line":1007,"column":0},"end":{"line":1007,"column":120}},"1007":{"start":{"line":1008,"column":0},"end":{"line":1008,"column":13}},"1008":{"start":{"line":1009,"column":0},"end":{"line":1009,"column":12}},"1009":{"start":{"line":1010,"column":0},"end":{"line":1010,"column":25}},"1010":{"start":{"line":1011,"column":0},"end":{"line":1011,"column":59}},"1011":{"start":{"line":1012,"column":0},"end":{"line":1012,"column":60}},"1012":{"start":{"line":1013,"column":0},"end":{"line":1013,"column":118}},"1013":{"start":{"line":1014,"column":0},"end":{"line":1014,"column":13}},"1014":{"start":{"line":1015,"column":0},"end":{"line":1015,"column":14}},"1016":{"start":{"line":1017,"column":0},"end":{"line":1017,"column":76}},"1017":{"start":{"line":1018,"column":0},"end":{"line":1018,"column":72}},"1018":{"start":{"line":1019,"column":0},"end":{"line":1019,"column":70}},"1019":{"start":{"line":1020,"column":0},"end":{"line":1020,"column":90}},"1020":{"start":{"line":1021,"column":0},"end":{"line":1021,"column":60}},"1021":{"start":{"line":1022,"column":0},"end":{"line":1022,"column":58}},"1022":{"start":{"line":1023,"column":0},"end":{"line":1023,"column":37}},"1023":{"start":{"line":1024,"column":0},"end":{"line":1024,"column":132}},"1024":{"start":{"line":1025,"column":0},"end":{"line":1025,"column":7}},"1025":{"start":{"line":1026,"column":0},"end":{"line":1026,"column":5}},"1027":{"start":{"line":1028,"column":0},"end":{"line":1028,"column":39}},"1029":{"start":{"line":1030,"column":0},"end":{"line":1030,"column":71}},"1030":{"start":{"line":1031,"column":0},"end":{"line":1031,"column":86}},"1031":{"start":{"line":1032,"column":0},"end":{"line":1032,"column":38}},"1033":{"start":{"line":1034,"column":0},"end":{"line":1034,"column":74}},"1034":{"start":{"line":1035,"column":0},"end":{"line":1035,"column":68}},"1035":{"start":{"line":1036,"column":0},"end":{"line":1036,"column":79}},"1036":{"start":{"line":1037,"column":0},"end":{"line":1037,"column":95}},"1038":{"start":{"line":1039,"column":0},"end":{"line":1039,"column":74}},"1039":{"start":{"line":1040,"column":0},"end":{"line":1040,"column":70}},"1040":{"start":{"line":1041,"column":0},"end":{"line":1041,"column":68}},"1041":{"start":{"line":1042,"column":0},"end":{"line":1042,"column":83}},"1043":{"start":{"line":1044,"column":0},"end":{"line":1044,"column":72}},"1044":{"start":{"line":1045,"column":0},"end":{"line":1045,"column":77}},"1045":{"start":{"line":1046,"column":0},"end":{"line":1046,"column":95}},"1047":{"start":{"line":1048,"column":0},"end":{"line":1048,"column":97}},"1048":{"start":{"line":1049,"column":0},"end":{"line":1049,"column":57}},"1051":{"start":{"line":1052,"column":0},"end":{"line":1052,"column":88}},"1052":{"start":{"line":1053,"column":0},"end":{"line":1053,"column":58}},"1053":{"start":{"line":1054,"column":0},"end":{"line":1054,"column":56}},"1055":{"start":{"line":1056,"column":0},"end":{"line":1056,"column":65}},"1056":{"start":{"line":1057,"column":0},"end":{"line":1057,"column":61}},"1057":{"start":{"line":1058,"column":0},"end":{"line":1058,"column":163}},"1058":{"start":{"line":1059,"column":0},"end":{"line":1059,"column":34}},"1060":{"start":{"line":1061,"column":0},"end":{"line":1061,"column":111}},"1061":{"start":{"line":1062,"column":0},"end":{"line":1062,"column":35}},"1062":{"start":{"line":1063,"column":0},"end":{"line":1063,"column":71}},"1063":{"start":{"line":1064,"column":0},"end":{"line":1064,"column":5}},"1065":{"start":{"line":1066,"column":0},"end":{"line":1066,"column":79}},"1066":{"start":{"line":1067,"column":0},"end":{"line":1067,"column":35}},"1067":{"start":{"line":1068,"column":0},"end":{"line":1068,"column":50}},"1068":{"start":{"line":1069,"column":0},"end":{"line":1069,"column":23}},"1069":{"start":{"line":1070,"column":0},"end":{"line":1070,"column":56}},"1070":{"start":{"line":1071,"column":0},"end":{"line":1071,"column":30}},"1071":{"start":{"line":1072,"column":0},"end":{"line":1072,"column":42}},"1072":{"start":{"line":1073,"column":0},"end":{"line":1073,"column":50}},"1073":{"start":{"line":1074,"column":0},"end":{"line":1074,"column":42}},"1074":{"start":{"line":1075,"column":0},"end":{"line":1075,"column":11}},"1075":{"start":{"line":1076,"column":0},"end":{"line":1076,"column":8}},"1076":{"start":{"line":1077,"column":0},"end":{"line":1077,"column":27}},"1077":{"start":{"line":1078,"column":0},"end":{"line":1078,"column":40}},"1078":{"start":{"line":1079,"column":0},"end":{"line":1079,"column":125}},"1079":{"start":{"line":1080,"column":0},"end":{"line":1080,"column":101}},"1080":{"start":{"line":1081,"column":0},"end":{"line":1081,"column":24}},"1081":{"start":{"line":1082,"column":0},"end":{"line":1082,"column":11}},"1082":{"start":{"line":1083,"column":0},"end":{"line":1083,"column":33}},"1083":{"start":{"line":1084,"column":0},"end":{"line":1084,"column":10}},"1084":{"start":{"line":1085,"column":0},"end":{"line":1085,"column":23}},"1085":{"start":{"line":1086,"column":0},"end":{"line":1086,"column":28}},"1086":{"start":{"line":1087,"column":0},"end":{"line":1087,"column":29}},"1087":{"start":{"line":1088,"column":0},"end":{"line":1088,"column":42}},"1088":{"start":{"line":1089,"column":0},"end":{"line":1089,"column":90}},"1089":{"start":{"line":1090,"column":0},"end":{"line":1090,"column":52}},"1090":{"start":{"line":1091,"column":0},"end":{"line":1091,"column":78}},"1091":{"start":{"line":1092,"column":0},"end":{"line":1092,"column":18}},"1092":{"start":{"line":1093,"column":0},"end":{"line":1093,"column":64}},"1093":{"start":{"line":1094,"column":0},"end":{"line":1094,"column":11}},"1094":{"start":{"line":1095,"column":0},"end":{"line":1095,"column":10}},"1095":{"start":{"line":1096,"column":0},"end":{"line":1096,"column":69}},"1096":{"start":{"line":1097,"column":0},"end":{"line":1097,"column":5}},"1098":{"start":{"line":1099,"column":0},"end":{"line":1099,"column":36}},"1099":{"start":{"line":1100,"column":0},"end":{"line":1100,"column":30}},"1100":{"start":{"line":1101,"column":0},"end":{"line":1101,"column":48}},"1101":{"start":{"line":1102,"column":0},"end":{"line":1102,"column":28}},"1102":{"start":{"line":1103,"column":0},"end":{"line":1103,"column":23}},"1103":{"start":{"line":1104,"column":0},"end":{"line":1104,"column":29}},"1104":{"start":{"line":1105,"column":0},"end":{"line":1105,"column":40}},"1105":{"start":{"line":1106,"column":0},"end":{"line":1106,"column":53}},"1106":{"start":{"line":1107,"column":0},"end":{"line":1107,"column":73}},"1107":{"start":{"line":1108,"column":0},"end":{"line":1108,"column":56}},"1108":{"start":{"line":1109,"column":0},"end":{"line":1109,"column":79}},"1109":{"start":{"line":1110,"column":0},"end":{"line":1110,"column":13}},"1110":{"start":{"line":1111,"column":0},"end":{"line":1111,"column":76}},"1111":{"start":{"line":1112,"column":0},"end":{"line":1112,"column":47}},"1112":{"start":{"line":1113,"column":0},"end":{"line":1113,"column":66}},"1113":{"start":{"line":1114,"column":0},"end":{"line":1114,"column":80}},"1114":{"start":{"line":1115,"column":0},"end":{"line":1115,"column":11}},"1115":{"start":{"line":1116,"column":0},"end":{"line":1116,"column":10}},"1116":{"start":{"line":1117,"column":0},"end":{"line":1117,"column":65}},"1117":{"start":{"line":1118,"column":0},"end":{"line":1118,"column":5}},"1119":{"start":{"line":1120,"column":0},"end":{"line":1120,"column":37}},"1120":{"start":{"line":1121,"column":0},"end":{"line":1121,"column":30}},"1121":{"start":{"line":1122,"column":0},"end":{"line":1122,"column":49}},"1122":{"start":{"line":1123,"column":0},"end":{"line":1123,"column":28}},"1123":{"start":{"line":1124,"column":0},"end":{"line":1124,"column":23}},"1124":{"start":{"line":1125,"column":0},"end":{"line":1125,"column":29}},"1126":{"start":{"line":1127,"column":0},"end":{"line":1127,"column":96}},"1127":{"start":{"line":1128,"column":0},"end":{"line":1128,"column":62}},"1128":{"start":{"line":1129,"column":0},"end":{"line":1129,"column":127}},"1129":{"start":{"line":1130,"column":0},"end":{"line":1130,"column":13}},"1130":{"start":{"line":1131,"column":0},"end":{"line":1131,"column":41}},"1131":{"start":{"line":1132,"column":0},"end":{"line":1132,"column":104}},"1132":{"start":{"line":1133,"column":0},"end":{"line":1133,"column":95}},"1133":{"start":{"line":1134,"column":0},"end":{"line":1134,"column":30}},"1134":{"start":{"line":1135,"column":0},"end":{"line":1135,"column":30}},"1135":{"start":{"line":1136,"column":0},"end":{"line":1136,"column":78}},"1136":{"start":{"line":1137,"column":0},"end":{"line":1137,"column":76}},"1137":{"start":{"line":1138,"column":0},"end":{"line":1138,"column":66}},"1138":{"start":{"line":1139,"column":0},"end":{"line":1139,"column":64}},"1139":{"start":{"line":1140,"column":0},"end":{"line":1140,"column":39}},"1140":{"start":{"line":1141,"column":0},"end":{"line":1141,"column":21}},"1141":{"start":{"line":1142,"column":0},"end":{"line":1142,"column":18}},"1142":{"start":{"line":1143,"column":0},"end":{"line":1143,"column":78}},"1143":{"start":{"line":1144,"column":0},"end":{"line":1144,"column":11}},"1144":{"start":{"line":1145,"column":0},"end":{"line":1145,"column":10}},"1145":{"start":{"line":1146,"column":0},"end":{"line":1146,"column":68}},"1146":{"start":{"line":1147,"column":0},"end":{"line":1147,"column":5}},"1148":{"start":{"line":1149,"column":0},"end":{"line":1149,"column":37}},"1149":{"start":{"line":1150,"column":0},"end":{"line":1150,"column":44}},"1150":{"start":{"line":1151,"column":0},"end":{"line":1151,"column":52}},"1151":{"start":{"line":1152,"column":0},"end":{"line":1152,"column":25}},"1152":{"start":{"line":1153,"column":0},"end":{"line":1153,"column":27}},"1154":{"start":{"line":1155,"column":0},"end":{"line":1155,"column":30}},"1155":{"start":{"line":1156,"column":0},"end":{"line":1156,"column":33}},"1156":{"start":{"line":1157,"column":0},"end":{"line":1157,"column":46}},"1157":{"start":{"line":1158,"column":0},"end":{"line":1158,"column":59}},"1158":{"start":{"line":1159,"column":0},"end":{"line":1159,"column":58}},"1159":{"start":{"line":1160,"column":0},"end":{"line":1160,"column":16}},"1160":{"start":{"line":1161,"column":0},"end":{"line":1161,"column":28}},"1161":{"start":{"line":1162,"column":0},"end":{"line":1162,"column":45}},"1162":{"start":{"line":1163,"column":0},"end":{"line":1163,"column":57}},"1163":{"start":{"line":1164,"column":0},"end":{"line":1164,"column":16}},"1164":{"start":{"line":1165,"column":0},"end":{"line":1165,"column":35}},"1165":{"start":{"line":1166,"column":0},"end":{"line":1166,"column":45}},"1166":{"start":{"line":1167,"column":0},"end":{"line":1167,"column":61}},"1167":{"start":{"line":1168,"column":0},"end":{"line":1168,"column":60}},"1168":{"start":{"line":1169,"column":0},"end":{"line":1169,"column":16}},"1169":{"start":{"line":1170,"column":0},"end":{"line":1170,"column":34}},"1170":{"start":{"line":1171,"column":0},"end":{"line":1171,"column":45}},"1171":{"start":{"line":1172,"column":0},"end":{"line":1172,"column":60}},"1172":{"start":{"line":1173,"column":0},"end":{"line":1173,"column":59}},"1173":{"start":{"line":1174,"column":0},"end":{"line":1174,"column":16}},"1174":{"start":{"line":1175,"column":0},"end":{"line":1175,"column":25}},"1175":{"start":{"line":1176,"column":0},"end":{"line":1176,"column":46}},"1176":{"start":{"line":1177,"column":0},"end":{"line":1177,"column":48}},"1177":{"start":{"line":1178,"column":0},"end":{"line":1178,"column":16}},"1178":{"start":{"line":1179,"column":0},"end":{"line":1179,"column":7}},"1179":{"start":{"line":1180,"column":0},"end":{"line":1180,"column":41}},"1180":{"start":{"line":1181,"column":0},"end":{"line":1181,"column":138}},"1182":{"start":{"line":1183,"column":0},"end":{"line":1183,"column":68}},"1183":{"start":{"line":1184,"column":0},"end":{"line":1184,"column":76}},"1184":{"start":{"line":1185,"column":0},"end":{"line":1185,"column":32}},"1185":{"start":{"line":1186,"column":0},"end":{"line":1186,"column":53}},"1186":{"start":{"line":1187,"column":0},"end":{"line":1187,"column":79}},"1187":{"start":{"line":1188,"column":0},"end":{"line":1188,"column":130}},"1188":{"start":{"line":1189,"column":0},"end":{"line":1189,"column":17}},"1189":{"start":{"line":1190,"column":0},"end":{"line":1190,"column":7}},"1191":{"start":{"line":1192,"column":0},"end":{"line":1192,"column":67}},"1192":{"start":{"line":1193,"column":0},"end":{"line":1193,"column":38}},"1193":{"start":{"line":1194,"column":0},"end":{"line":1194,"column":85}},"1194":{"start":{"line":1195,"column":0},"end":{"line":1195,"column":17}},"1195":{"start":{"line":1196,"column":0},"end":{"line":1196,"column":34}},"1196":{"start":{"line":1197,"column":0},"end":{"line":1197,"column":7}},"1197":{"start":{"line":1198,"column":0},"end":{"line":1198,"column":5}},"1199":{"start":{"line":1200,"column":0},"end":{"line":1200,"column":29}},"1200":{"start":{"line":1201,"column":0},"end":{"line":1201,"column":30}},"1201":{"start":{"line":1202,"column":0},"end":{"line":1202,"column":63}},"1202":{"start":{"line":1203,"column":0},"end":{"line":1203,"column":115}},"1203":{"start":{"line":1204,"column":0},"end":{"line":1204,"column":75}},"1204":{"start":{"line":1205,"column":0},"end":{"line":1205,"column":28}},"1205":{"start":{"line":1206,"column":0},"end":{"line":1206,"column":108}},"1206":{"start":{"line":1207,"column":0},"end":{"line":1207,"column":107}},"1207":{"start":{"line":1208,"column":0},"end":{"line":1208,"column":5}},"1209":{"start":{"line":1210,"column":0},"end":{"line":1210,"column":38}},"1210":{"start":{"line":1211,"column":0},"end":{"line":1211,"column":70}},"1211":{"start":{"line":1212,"column":0},"end":{"line":1212,"column":68}},"1212":{"start":{"line":1213,"column":0},"end":{"line":1213,"column":78}},"1213":{"start":{"line":1214,"column":0},"end":{"line":1214,"column":76}},"1214":{"start":{"line":1215,"column":0},"end":{"line":1215,"column":106}},"1216":{"start":{"line":1217,"column":0},"end":{"line":1217,"column":58}},"1217":{"start":{"line":1218,"column":0},"end":{"line":1218,"column":57}},"1218":{"start":{"line":1219,"column":0},"end":{"line":1219,"column":65}},"1219":{"start":{"line":1220,"column":0},"end":{"line":1220,"column":124}},"1221":{"start":{"line":1222,"column":0},"end":{"line":1222,"column":42}},"1222":{"start":{"line":1223,"column":0},"end":{"line":1223,"column":68}},"1223":{"start":{"line":1224,"column":0},"end":{"line":1224,"column":39}},"1224":{"start":{"line":1225,"column":0},"end":{"line":1225,"column":30}},"1225":{"start":{"line":1226,"column":0},"end":{"line":1226,"column":35}},"1226":{"start":{"line":1227,"column":0},"end":{"line":1227,"column":57}},"1227":{"start":{"line":1228,"column":0},"end":{"line":1228,"column":57}},"1228":{"start":{"line":1229,"column":0},"end":{"line":1229,"column":56}},"1229":{"start":{"line":1230,"column":0},"end":{"line":1230,"column":38}},"1230":{"start":{"line":1231,"column":0},"end":{"line":1231,"column":24}},"1231":{"start":{"line":1232,"column":0},"end":{"line":1232,"column":59}},"1232":{"start":{"line":1233,"column":0},"end":{"line":1233,"column":68}},"1233":{"start":{"line":1234,"column":0},"end":{"line":1234,"column":73}},"1234":{"start":{"line":1235,"column":0},"end":{"line":1235,"column":44}},"1235":{"start":{"line":1236,"column":0},"end":{"line":1236,"column":9}},"1236":{"start":{"line":1237,"column":0},"end":{"line":1237,"column":7}},"1237":{"start":{"line":1238,"column":0},"end":{"line":1238,"column":108}},"1238":{"start":{"line":1239,"column":0},"end":{"line":1239,"column":88}},"1239":{"start":{"line":1240,"column":0},"end":{"line":1240,"column":144}},"1240":{"start":{"line":1241,"column":0},"end":{"line":1241,"column":22}},"1241":{"start":{"line":1242,"column":0},"end":{"line":1242,"column":31}},"1242":{"start":{"line":1243,"column":0},"end":{"line":1243,"column":98}},"1243":{"start":{"line":1244,"column":0},"end":{"line":1244,"column":81}},"1244":{"start":{"line":1245,"column":0},"end":{"line":1245,"column":93}},"1246":{"start":{"line":1247,"column":0},"end":{"line":1247,"column":7}},"1248":{"start":{"line":1249,"column":0},"end":{"line":1249,"column":63}},"1249":{"start":{"line":1250,"column":0},"end":{"line":1250,"column":38}},"1250":{"start":{"line":1251,"column":0},"end":{"line":1251,"column":35}},"1251":{"start":{"line":1252,"column":0},"end":{"line":1252,"column":30}},"1252":{"start":{"line":1253,"column":0},"end":{"line":1253,"column":62}},"1253":{"start":{"line":1254,"column":0},"end":{"line":1254,"column":16}},"1254":{"start":{"line":1255,"column":0},"end":{"line":1255,"column":114}},"1255":{"start":{"line":1256,"column":0},"end":{"line":1256,"column":72}},"1256":{"start":{"line":1257,"column":0},"end":{"line":1257,"column":26}},"1257":{"start":{"line":1258,"column":0},"end":{"line":1258,"column":172}},"1258":{"start":{"line":1259,"column":0},"end":{"line":1259,"column":11}},"1259":{"start":{"line":1260,"column":0},"end":{"line":1260,"column":9}},"1260":{"start":{"line":1261,"column":0},"end":{"line":1261,"column":7}},"1262":{"start":{"line":1263,"column":0},"end":{"line":1263,"column":26}},"1263":{"start":{"line":1264,"column":0},"end":{"line":1264,"column":104}},"1264":{"start":{"line":1265,"column":0},"end":{"line":1265,"column":15}},"1265":{"start":{"line":1266,"column":0},"end":{"line":1266,"column":46}},"1266":{"start":{"line":1267,"column":0},"end":{"line":1267,"column":59}},"1267":{"start":{"line":1268,"column":0},"end":{"line":1268,"column":90}},"1268":{"start":{"line":1269,"column":0},"end":{"line":1269,"column":81}},"1269":{"start":{"line":1270,"column":0},"end":{"line":1270,"column":83}},"1270":{"start":{"line":1271,"column":0},"end":{"line":1271,"column":49}},"1271":{"start":{"line":1272,"column":0},"end":{"line":1272,"column":80}},"1272":{"start":{"line":1273,"column":0},"end":{"line":1273,"column":78}},"1273":{"start":{"line":1274,"column":0},"end":{"line":1274,"column":80}},"1274":{"start":{"line":1275,"column":0},"end":{"line":1275,"column":18}},"1275":{"start":{"line":1276,"column":0},"end":{"line":1276,"column":66}},"1276":{"start":{"line":1277,"column":0},"end":{"line":1277,"column":22}},"1277":{"start":{"line":1278,"column":0},"end":{"line":1278,"column":18}},"1278":{"start":{"line":1279,"column":0},"end":{"line":1279,"column":13}},"1279":{"start":{"line":1280,"column":0},"end":{"line":1280,"column":11}},"1280":{"start":{"line":1281,"column":0},"end":{"line":1281,"column":89}},"1281":{"start":{"line":1282,"column":0},"end":{"line":1282,"column":16}},"1282":{"start":{"line":1283,"column":0},"end":{"line":1283,"column":101}},"1283":{"start":{"line":1284,"column":0},"end":{"line":1284,"column":66}},"1284":{"start":{"line":1285,"column":0},"end":{"line":1285,"column":11}},"1285":{"start":{"line":1286,"column":0},"end":{"line":1286,"column":65}},"1286":{"start":{"line":1287,"column":0},"end":{"line":1287,"column":14}},"1290":{"start":{"line":1291,"column":0},"end":{"line":1291,"column":34}},"1291":{"start":{"line":1292,"column":0},"end":{"line":1292,"column":119}},"1292":{"start":{"line":1293,"column":0},"end":{"line":1293,"column":152}},"1293":{"start":{"line":1294,"column":0},"end":{"line":1294,"column":7}},"1294":{"start":{"line":1295,"column":0},"end":{"line":1295,"column":5}},"1296":{"start":{"line":1297,"column":0},"end":{"line":1297,"column":49}},"1297":{"start":{"line":1298,"column":0},"end":{"line":1298,"column":66}},"1298":{"start":{"line":1299,"column":0},"end":{"line":1299,"column":43}},"1299":{"start":{"line":1300,"column":0},"end":{"line":1300,"column":42}},"1300":{"start":{"line":1301,"column":0},"end":{"line":1301,"column":43}},"1301":{"start":{"line":1302,"column":0},"end":{"line":1302,"column":118}},"1302":{"start":{"line":1303,"column":0},"e
[...]
{"line":29,"column":0},"end":{"line":29,"column":3}},"29":{"start":{"line":30,"column":0},"end":{"line":30,"column":40}},"30":{"start":{"line":31,"column":0},"end":{"line":31,"column":3}},"31":{"start":{"line":32,"column":0},"end":{"line":32,"column":24}},"32":{"start":{"line":33,"column":0},"end":{"line":33,"column":5}},"33":{"start":{"line":34,"column":0},"end":{"line":34,"column":49}},"34":{"start":{"line":35,"column":0},"end":{"line":35,"column":38}},"35":{"start":{"line":36,"column":0},"end":{"line":36,"column":68}},"36":{"start":{"line":37,"column":0},"end":{"line":37,"column":45}},"37":{"start":{"line":38,"column":0},"end":{"line":38,"column":5}},"38":{"start":{"line":39,"column":0},"end":{"line":39,"column":33}},"39":{"start":{"line":40,"column":0},"end":{"line":40,"column":9}},"40":{"start":{"line":41,"column":0},"end":{"line":41,"column":45}},"41":{"start":{"line":42,"column":0},"end":{"line":42,"column":52}},"42":{"start":{"line":43,"column":0},"end":{"line":43,"column":21}},"43":{"start":{"line":44,"column":0},"end":{"line":44,"column":71}},"44":{"start":{"line":45,"column":0},"end":{"line":45,"column":26}},"45":{"start":{"line":46,"column":0},"end":{"line":46,"column":5}},"46":{"start":{"line":47,"column":0},"end":{"line":47,"column":4}},"48":{"start":{"line":49,"column":0},"end":{"line":49,"column":5}},"49":{"start":{"line":50,"column":0},"end":{"line":50,"column":55}},"50":{"start":{"line":51,"column":0},"end":{"line":51,"column":38}},"51":{"start":{"line":52,"column":0},"end":{"line":52,"column":40}},"52":{"start":{"line":53,"column":0},"end":{"line":53,"column":40}},"53":{"start":{"line":54,"column":0},"end":{"line":54,"column":5}},"54":{"start":{"line":55,"column":0},"end":{"line":55,"column":19}},"55":{"start":{"line":56,"column":0},"end":{"line":56,"column":9}},"56":{"start":{"line":57,"column":0},"end":{"line":57,"column":55}},"57":{"start":{"line":58,"column":0},"end":{"line":58,"column":18}},"58":{"start":{"line":59,"column":0},"end":{"line":59,"column":21}},"59":{"start":{"line":60,"column":0},"end":{"line":60,"column":69}},"60":{"start":{"line":61,"column":0},"end":{"line":61,"column":19}},"61":{"start":{"line":62,"column":0},"end":{"line":62,"column":5}},"62":{"start":{"line":63,"column":0},"end":{"line":63,"column":4}},"64":{"start":{"line":65,"column":0},"end":{"line":65,"column":5}},"65":{"start":{"line":66,"column":0},"end":{"line":66,"column":34}},"66":{"start":{"line":67,"column":0},"end":{"line":67,"column":38}},"67":{"start":{"line":68,"column":0},"end":{"line":68,"column":5}},"68":{"start":{"line":69,"column":0},"end":{"line":69,"column":15}},"69":{"start":{"line":70,"column":0},"end":{"line":70,"column":9}},"70":{"start":{"line":71,"column":0},"end":{"line":71,"column":35}},"71":{"start":{"line":72,"column":0},"end":{"line":72,"column":21}},"72":{"start":{"line":73,"column":0},"end":{"line":73,"column":72}},"73":{"start":{"line":74,"column":0},"end":{"line":74,"column":5}},"74":{"start":{"line":75,"column":0},"end":{"line":75,"column":4}},"75":{"start":{"line":76,"column":0},"end":{"line":76,"column":2}},"77":{"start":{"line":78,"column":0},"end":{"line":78,"column":3}},"78":{"start":{"line":79,"column":0},"end":{"line":79,"column":37}},"79":{"start":{"line":80,"column":0},"end":{"line":80,"column":3}},"80":{"start":{"line":81,"column":0},"end":{"line":81,"column":29}},"81":{"start":{"line":82,"column":0},"end":{"line":82,"column":37}},"82":{"start":{"line":83,"column":0},"end":{"line":83,"column":35}},"83":{"start":{"line":84,"column":0},"end":{"line":84,"column":73}},"84":{"start":{"line":85,"column":0},"end":{"line":85,"column":2}},"86":{"start":{"line":87,"column":0},"end":{"line":87,"column":3}},"87":{"start":{"line":88,"column":0},"end":{"line":88,"column":21}},"88":{"start":{"line":89,"column":0},"end":{"line":89,"column":3}},"89":{"start":{"line":90,"column":0},"end":{"line":90,"column":26}},"90":{"start":{"line":91,"column":0},"end":{"line":91,"column":25}},"91":{"start":{"line":92,"column":0},"end":{"line":92,"column":19}},"92":{"start":{"line":93,"column":0},"end":{"line":93,"column":21}},"93":{"start":{"line":94,"column":0},"end":{"line":94,"column":21}},"94":{"start":{"line":95,"column":0},"end":{"line":95,"column":19}},"95":{"start":{"line":96,"column":0},"end":{"line":96,"column":25}},"96":{"start":{"line":97,"column":0},"end":{"line":97,"column":23}},"97":{"start":{"line":98,"column":0},"end":{"line":98,"column":21}},"98":{"start":{"line":99,"column":0},"end":{"line":99,"column":2}},"100":{"start":{"line":101,"column":0},"end":{"line":101,"column":3}},"101":{"start":{"line":102,"column":0},"end":{"line":102,"column":33}},"102":{"start":{"line":103,"column":0},"end":{"line":103,"column":38}},"103":{"start":{"line":104,"column":0},"end":{"line":104,"column":40}},"104":{"start":{"line":105,"column":0},"end":{"line":105,"column":3}},"105":{"start":{"line":106,"column":0},"end":{"line":106,"column":39}},"106":{"start":{"line":107,"column":0},"end":{"line":107,"column":17}},"107":{"start":{"line":108,"column":0},"end":{"line":108,"column":31}},"108":{"start":{"line":109,"column":0},"end":{"line":109,"column":28}},"109":{"start":{"line":110,"column":0},"end":{"line":110,"column":30}},"110":{"start":{"line":111,"column":0},"end":{"line":111,"column":29}},"111":{"start":{"line":112,"column":0},"end":{"line":112,"column":28}},"112":{"start":{"line":113,"column":0},"end":{"line":113,"column":32}},"113":{"start":{"line":114,"column":0},"end":{"line":114,"column":31}},"114":{"start":{"line":115,"column":0},"end":{"line":115,"column":30}},"115":{"start":{"line":116,"column":0},"end":{"line":116,"column":4}},"116":{"start":{"line":117,"column":0},"end":{"line":117,"column":30}},"117":{"start":{"line":118,"column":0},"end":{"line":118,"column":1}},"119":{"start":{"line":120,"column":0},"end":{"line":120,"column":3}},"120":{"start":{"line":121,"column":0},"end":{"line":121,"column":58}},"121":{"start":{"line":122,"column":0},"end":{"line":122,"column":38}},"122":{"start":{"line":123,"column":0},"end":{"line":123,"column":43}},"123":{"start":{"line":124,"column":0},"end":{"line":124,"column":3}},"124":{"start":{"line":125,"column":0},"end":{"line":125,"column":40}},"125":{"start":{"line":126,"column":0},"end":{"line":126,"column":18}},"126":{"start":{"line":127,"column":0},"end":{"line":127,"column":37}},"127":{"start":{"line":128,"column":0},"end":{"line":128,"column":33}},"128":{"start":{"line":129,"column":0},"end":{"line":129,"column":35}},"129":{"start":{"line":130,"column":0},"end":{"line":130,"column":37}},"130":{"start":{"line":131,"column":0},"end":{"line":131,"column":36}},"131":{"start":{"line":132,"column":0},"end":{"line":132,"column":37}},"132":{"start":{"line":133,"column":0},"end":{"line":133,"column":33}},"133":{"start":{"line":134,"column":0},"end":{"line":134,"column":32}},"134":{"start":{"line":135,"column":0},"end":{"line":135,"column":4}},"135":{"start":{"line":136,"column":0},"end":{"line":136,"column":39}},"136":{"start":{"line":137,"column":0},"end":{"line":137,"column":1}},"138":{"start":{"line":139,"column":0},"end":{"line":139,"column":3}},"139":{"start":{"line":140,"column":0},"end":{"line":140,"column":32}},"140":{"start":{"line":141,"column":0},"end":{"line":141,"column":38}},"141":{"start":{"line":142,"column":0},"end":{"line":142,"column":56}},"142":{"start":{"line":143,"column":0},"end":{"line":143,"column":3}},"143":{"start":{"line":144,"column":0},"end":{"line":144,"column":42}},"144":{"start":{"line":145,"column":0},"end":{"line":145,"column":83}},"145":{"start":{"line":146,"column":0},"end":{"line":146,"column":1}},"147":{"start":{"line":148,"column":0},"end":{"line":148,"column":3}},"148":{"start":{"line":149,"column":0},"end":{"line":149,"column":60}},"149":{"start":{"line":150,"column":0},"end":{"line":150,"column":38}},"150":{"start":{"line":151,"column":0},"end":{"line":151,"column":49}},"151":{"start":{"line":152,"column":0},"end":{"line":152,"column":3}},"152":{"start":{"line":153,"column":0},"end":{"line":153,"column":37}},"153":{"start":{"line":154,"column":0},"end":{"line":154,"column":10}},"154":{"start":{"line":155,"column":0},"end":{"line":155,"column":21}},"155":{"start":{"line":156,"column":0},"end":{"line":156,"column":22}},"156":{"start":{"line":157,"column":0},"end":{"line":157,"column":22}},"157":{"start":{"line":158,"column":0},"end":{"line":158,"column":23}},"158":{"start":{"line":159,"column":0},"end":{"line":159,"column":22}},"159":{"start":{"line":160,"column":0},"end":{"line":160,"column":21}},"160":{"start":{"line":161,"column":0},"end":{"line":161,"column":1}},"162":{"start":{"line":163,"column":0},"end":{"line":163,"column":3}},"163":{"start":{"line":164,"column":0},"end":{"line":164,"column":49}},"164":{"start":{"line":165,"column":0},"end":{"line":165,"column":48}},"165":{"start":{"line":166,"column":0},"end":{"line":166,"column":51}},"166":{"start":{"line":167,"column":0},"end":{"line":167,"column":43}},"167":{"start":{"line":168,"column":0},"end":{"line":168,"column":3}},"168":{"start":{"line":169,"column":0},"end":{"line":169,"column":38}},"169":{"start":{"line":170,"column":0},"end":{"line":170,"column":14}},"170":{"start":{"line":171,"column":0},"end":{"line":171,"column":45}},"171":{"start":{"line":172,"column":0},"end":{"line":172,"column":25}},"172":{"start":{"line":173,"column":0},"end":{"line":173,"column":28}},"173":{"start":{"line":174,"column":0},"end":{"line":174,"column":20}},"174":{"start":{"line":175,"column":0},"end":{"line":175,"column":6}},"175":{"start":{"line":176,"column":0},"end":{"line":176,"column":26}},"176":{"start":{"line":177,"column":0},"end":{"line":177,"column":38}},"177":{"start":{"line":178,"column":0},"end":{"line":178,"column":4}},"178":{"start":{"line":179,"column":0},"end":{"line":179,"column":1}},"180":{"start":{"line":181,"column":0},"end":{"line":181,"column":3}},"181":{"start":{"line":182,"column":0},"end":{"line":182,"column":49}},"182":{"start":{"line":183,"column":0},"end":{"line":183,"column":48}},"183":{"start":{"line":184,"column":0},"end":{"line":184,"column":48}},"184":{"start":{"line":185,"column":0},"end":{"line":185,"column":43}},"185":{"start":{"line":186,"column":0},"end":{"line":186,"column":3}},"186":{"start":{"line":187,"column":0},"end":{"line":187,"column":39}},"187":{"start":{"line":188,"column":0},"end":{"line":188,"column":17}},"188":{"start":{"line":189,"column":0},"end":{"line":189,"column":28}},"189":{"start":{"line":190,"column":0},"end":{"line":190,"column":22}},"190":{"start":{"line":191,"column":0},"end":{"line":191,"column":29}},"191":{"start":{"line":192,"column":0},"end":{"line":192,"column":24}},"192":{"start":{"line":193,"column":0},"end":{"line":193,"column":50}},"193":{"start":{"line":194,"column":0},"end":{"line":194,"column":5}},"194":{"start":{"line":195,"column":0},"end":{"line":195,"column":4}},"195":{"start":{"line":196,"column":0},"end":{"line":196,"column":1}},"197":{"start":{"line":198,"column":0},"end":{"line":198,"column":3}},"198":{"start":{"line":199,"column":0},"end":{"line":199,"column":40}},"199":{"start":{"line":200,"column":0},"end":{"line":200,"column":3}},"200":{"start":{"line":201,"column":0},"end":{"line":201,"column":33}},"201":{"start":{"line":202,"column":0},"end":{"line":202,"column":18}},"202":{"start":{"line":203,"column":0},"end":{"line":203,"column":44}},"203":{"start":{"line":204,"column":0},"end":{"line":204,"column":39}},"204":{"start":{"line":205,"column":0},"end":{"line":205,"column":26}},"205":{"start":{"line":206,"column":0},"end":{"line":206,"column":25}},"206":{"start":{"line":207,"column":0},"end":{"line":207,"column":23}},"207":{"start":{"line":208,"column":0},"end":{"line":208,"column":2}},"209":{"start":{"line":210,"column":0},"end":{"line":210,"column":3}},"210":{"start":{"line":211,"column":0},"end":{"line":211,"column":25}},"211":{"start":{"line":212,"column":0},"end":{"line":212,"column":3}},"212":{"start":{"line":213,"column":0},"end":{"line":213,"column":31}},"213":{"start":{"line":214,"column":0},"end":{"line":214,"column":21}},"214":{"start":{"line":215,"column":0},"end":{"line":215,"column":18}},"215":{"start":{"line":216,"column":0},"end":{"line":216,"column":21}},"216":{"start":{"line":217,"column":0},"end":{"line":217,"column":15}},"217":{"start":{"line":218,"column":0},"end":{"line":218,"column":2}},"219":{"start":{"line":220,"column":0},"end":{"line":220,"column":3}},"220":{"start":{"line":221,"column":0},"end":{"line":221,"column":25}},"221":{"start":{"line":222,"column":0},"end":{"line":222,"column":37}},"222":{"start":{"line":223,"column":0},"end":{"line":223,"column":57}},"223":{"start":{"line":224,"column":0},"end":{"line":224,"column":39}},"224":{"start":{"line":225,"column":0},"end":{"line":225,"column":3}},"225":{"start":{"line":226,"column":0},"end":{"line":226,"column":53}},"226":{"start":{"line":227,"column":0},"end":{"line":227,"column":27}},"227":{"start":{"line":228,"column":0},"end":{"line":228,"column":1}},"229":{"start":{"line":230,"column":0},"end":{"line":230,"column":16}},"230":{"start":{"line":231,"column":0},"end":{"line":231,"column":13}},"231":{"start":{"line":232,"column":0},"end":{"line":232,"column":15}},"232":{"start":{"line":233,"column":0},"end":{"line":233,"column":10}},"233":{"start":{"line":234,"column":0},"end":{"line":234,"column":15}},"234":{"start":{"line":235,"column":0},"end":{"line":235,"column":12}},"235":{"start":{"line":236,"column":0},"end":{"line":236,"column":16}},"236":{"start":{"line":237,"column":0},"end":{"line":237,"column":17}},"237":{"start":{"line":238,"column":0},"end":{"line":238,"column":19}},"238":{"start":{"line":239,"column":0},"end":{"line":239,"column":14}},"239":{"start":{"line":240,"column":0},"end":{"line":240,"column":11}},"240":{"start":{"line":241,"column":0},"end":{"line":241,"column":11}},"241":{"start":{"line":242,"column":0},"end":{"line":242,"column":19}},"242":{"start":{"line":243,"column":0},"end":{"line":243,"column":17}},"243":{"start":{"line":244,"column":0},"end":{"line":244,"column":15}},"244":{"start":{"line":245,"column":0},"end":{"line":245,"column":2}}},"s":{"0":1,"1":1,"2":1,"3":1,"5":1,"6":1,"7":1,"8":1,"9":1,"10":1,"11":11,"12":11,"13":11,"14":11,"15":11,"16":11,"17":11,"19":1,"20":1,"21":1,"22":1,"23":1,"24":1,"25":20,"26":20,"28":1,"29":1,"30":1,"31":1,"32":1,"33":1,"34":1,"35":1,"36":1,"37":1,"38":1,"39":0,"40":0,"41":0,"42":0,"43":0,"44":0,"45":0,"46":1,"48":1,"49":1,"50":1,"51":1,"52":1,"53":1,"54":1,"55":0,"56":0,"57":0,"58":0,"59":0,"60":0,"61":0,"62":1,"64":1,"65":1,"66":1,"67":1,"68":1,"69":0,"70":0,"71":0,"72":0,"73":0,"74":1,"75":1,"77":1,"78":1,"79":1,"80":1,"81":1,"82":1,"83":1,"84":1,"86":1,"87":1,"88":1,"89":1,"90":1,"91":1,"92":1,"93":1,"94":1,"95":1,"96":1,"97":1,"98":1,"100":1,"101":1,"102":1,"103":1,"104":1,"105":1,"106":4,"107":4,"108":4,"109":4,"110":4,"111":4,"112":4,"113":4,"114":4,"115":4,"116":4,"117":4,"119":1,"120":1,"121":1,"122":1,"123":1,"124":1,"125":4,"126":4,"127":4,"128":4,"129":4,"130":4,"131":4,"132":4,"133":4,"134":4,"135":4,"136":4,"138":1,"139":1,"140":1,"141":1,"142":1,"143":1,"144":4,"145":4,"147":1,"148":1,"149":1,"150":1,"151":1,"152":1,"153":0,"154":0,"155":0,"156":0,"157":0,"158":0,"159":0,"160":0,"162":1,"163":1,"164":1,"165":1,"166":1,"167":1,"168":1,"169":0,"170":0,"171":0,"172":0,"173":0,"174":0,"175":0,"176":0,"177":0,"178":0,"180":1,"181":1,"182":1,"183":1,"184":1,"185":1,"186":1,"187":0,"188":0,"189":0,"190":0,"191":0,"192":0,"193":0,"194":0,"195":0,"197":1,"198":1,"199":1,"200":1,"201":1,"202":1,"203":1,"204":1,"205":1,"206":1,"207":1,"209":1,"210":1,"211":1,"212":1,"213":1,"214":1,"215":1,"216":1,"217":1,"219":1,"220":1,"221":1,"222":1,"223":1,"224":1,"225":1,"226":6,"227":6,"229":1,"230":1,"231":1,"232":1,"233":1,"234":1,"235":1,"236":1,"237":1,"238":1,"239":1,"240":1,"241":1,"242":1,"243":1,"244":1},"branchMap":{"0":{"type":"branch","line":11,"loc":{"start":{"line":11,"column":7},"end":{"line":18,"column":1}},"locations":[{"start":{"line":11,"column":7},"end":{"line":18,"column":1}}]},"1":{"type":"branch","line":25,"loc":{"start":{"line":25,"column":7},"end":{"line":27,"column":1}},"locations":[{"start":{"line":25,"column":7},"end":{"line":27,"column":1}}]},"2":{"type":"branch","line":26,"loc":{"start":{"line":26,"column":14},"end":{"line":26,"column":18}},"locations":[{"start":{"line":26,"column":14},"end":{"line":26,"column":18}}]},"3":{"type":"branch","line":106,"loc":{"start":{"line":106,"column":7},"end":{"line":118,"column":1}},"locations":[{"start":{"line":106,"column":7},"end":{"line":118,"column":1}}]},"4":{"type":"branch","line":117,"loc":{"start":{"line":117,"column":23},"end":{"line":117,"column":29}},"locations":[{"start":{"line":117,"column":23},"end":{"line":117,"column":29}}]},"5":{"type":"branch","line":125,"loc":{"start":{"line":125,"column":7},"end":{"line":137,"column":1}},"locations":[{"start":{"line":125,"column":7},"end":{"line":137,"column":1}}]},"6":{"type":"branch","line":136,"loc":{"start":{"line":136,"column":24},"end":{"line":136,"column":38}},"locations":[{"start":{"line":136,"column":24},"end":{"line":136,"column":38}}]},"7":{"type":"branch","line":144,"loc":{"start":{"line":144,"column":7},"end":{"line":146,"column":1}},"locations":[{"start":{"line":144,"column":7},"end":{"line":146,"column":1}}]},"8":{"type":"branch","line":226,"loc":{"start":{"line":226,"column":7},"end":{"line":228,"column":1}},"locations":[{"start":{"line":226,"column":7},"end":{"line":228,"column":1}}]}},"b":{"0":[11],"1":[20],"2":[10],"3":[4],"4":[2],"5":[4],"6":[2],"7":[4],"8":[6]},"fnMap":{"0":{"name":"escapeHtml","decl":{"start":{"line":11,"column":7},"end":{"line":18,"column":1}},"loc":{"start":{"line":11,"column":7},"end":{"line":18,"column":1}},"line":11},"1":{"name":"formatNumber","decl":{"start":{"line":25,"column":7},"end":{"line":27,"column":1}},"loc":{"start":{"line":25,"column":7},"end":{"line":27,"column":1}},"line":25},"2":{"name":"get","decl":{"start":{"line":39,"column":2},"end":{"line":47,"column":3}},"loc":{"start":{"line":39,"column":2},"end":{"line":47,"column":3}},"line":39},"3":{"name":"set","decl":{"start":{"line":55,"column":2},"end":{"line":63,"column":3}},"loc":{"start":{"line":55,"column":2},"end":{"line":63,"column":3}},"line":55},"4":{"name":"remove","decl":{"start":{"line":69,"column":2},"end":{"line":75,"column":3}},"loc":{"start":{"line":69,"column":2},"end":{"line":75,"column":3}},"line":69},"5":{"name":"SENTIMENT_CORRECTIONS","decl":{"start":{"line":84,"column":25},"end":{"line":84,"column":72}},"loc":{"start":{"line":84,"column":25},"end":{"line":84,"column":72}},"line":84},"6":{"name":"getStatusIcon","decl":{"start":{"line":106,"column":7},"end":{"line":118,"column":1}},"loc":{"start":{"line":106,"column":7},"end":{"line":118,"column":1}},"line":106},"7":{"name":"getStatusColor","decl":{"start":{"line":125,"column":7},"end":{"line":137,"column":1}},"loc":{"start":{"line":125,"column":7},"end":{"line":137,"column":1}},"line":125},"8":{"name":"isJobCancellable","decl":{"start":{"line":144,"column":7},"end":{"line":146,"column":1}},"loc":{"start":{"line":144,"column":7},"end":{"line":146,"column":1}},"line":144},"9":{"name":"isJobActive","decl":{"start":{"line":153,"column":7},"end":{"line":161,"column":1}},"loc":{"start":{"line":153,"column":7},"end":{"line":161,"column":1}},"line":153},"10":{"name":"debounce","decl":{"start":{"line":169,"column":7},"end":{"line":179,"column":1}},"loc":{"start":{"line":169,"column":7},"end":{"line":179,"column":1}},"line":169},"11":{"name":"throttle","decl":{"start":{"line":187,"column":7},"end":{"line":196,"column":1}},"loc":{"start":{"line":187,"column":7},"end":{"line":196,"column":1}},"line":187},"12":{"name":"staggerDelay","decl":{"start":{"line":226,"column":7},"end":{"line":228,"column":1}},"loc":{"start":{"line":226,"column":7},"end":{"line":228,"column":1}},"line":226}},"f":{"0":11,"1":20,"2":0,"3":0,"4":0,"5":0,"6":4,"7":4,"8":4,"9":0,"10":0,"11":0,"12":6}}
}
